>> Start! : Sun Aug  1 06:43:49 2021
>>> seed = 42
>> data preprocessing
>> X_train, X_test, y_train, y_test --(save)--> *.npy, *.csv
labels_to_csv at ./data/y_train.csv
labels_to_csv at ./data/y_test.csv
features_to_npy at ./data/X_train : 250/2500
features_to_npy at ./data/X_train : 500/2500
features_to_npy at ./data/X_train : 750/2500
features_to_npy at ./data/X_train : 1000/2500
features_to_npy at ./data/X_train : 1250/2500
features_to_npy at ./data/X_train : 1500/2500
features_to_npy at ./data/X_train : 1750/2500
features_to_npy at ./data/X_train : 2000/2500
features_to_npy at ./data/X_train : 2250/2500
features_to_npy at ./data/X_train : 2500/2500
features_to_npy at ./data/X_test : 62/625
features_to_npy at ./data/X_test : 124/625
features_to_npy at ./data/X_test : 186/625
features_to_npy at ./data/X_test : 248/625
features_to_npy at ./data/X_test : 310/625
features_to_npy at ./data/X_test : 372/625
features_to_npy at ./data/X_test : 434/625
features_to_npy at ./data/X_test : 496/625
features_to_npy at ./data/X_test : 558/625
features_to_npy at ./data/X_test : 620/625
features_to_npy at ./data/X_test : 625/625
>> model building
>>> file_base_name : CNN_RNN_Resnet_5_use_mp_and_class_weight_bias_1_seed42_alpha_1E-01_res_num_5_opt_Adam
>>> model : CNN_RNN_Resnet
>>> model_parameter :
{'leakyrelu_alpha': 0.1, 'input_kernels': 20, 'input_kernel_width': 3, 'input_regularize_coeff': 0.001, 'res_kernels': 60, 'res_kernel_width': 3, 'res_regularize_coeff': 0.1, 'res_num': 5}
>>> num_of_fold : 5
>>> optimizer : Adam {'learning_rate': 0.001}
>>> rot_prob: 0.5, perm_prob: 0.5
>> model training
>> start - Process-1 at Sun Aug  1 06:44:26 2021
Epoch 1/1000
30/30 - 78s - loss: 200.6660 - accuracy: 0.3036 - val_loss: 133.3587 - val_accuracy: 0.4434

Epoch 00001: val_loss improved from inf to 133.35870, saving model to ./save/CNN_RNN_Resnet_5_use_mp_and_class_weight_bias_1_seed42_alpha_1E-01_res_num_5_opt_Adam_fold_0.hdf5
Epoch 2/1000
30/30 - 13s - loss: 100.1497 - accuracy: 0.5292 - val_loss: 69.4933 - val_accuracy: 0.4648

Epoch 00002: val_loss improved from 133.35870 to 69.49331, saving model to ./save/CNN_RNN_Resnet_5_use_mp_and_class_weight_bias_1_seed42_alpha_1E-01_res_num_5_opt_Adam_fold_0.hdf5
Epoch 3/1000
30/30 - 13s - loss: 54.5630 - accuracy: 0.5776 - val_loss: 39.1525 - val_accuracy: 0.4688

Epoch 00003: val_loss improved from 69.49331 to 39.15246, saving model to ./save/CNN_RNN_Resnet_5_use_mp_and_class_weight_bias_1_seed42_alpha_1E-01_res_num_5_opt_Adam_fold_0.hdf5
Epoch 4/1000
30/30 - 14s - loss: 32.2257 - accuracy: 0.6068 - val_loss: 24.2833 - val_accuracy: 0.4629

Epoch 00004: val_loss improved from 39.15246 to 24.28325, saving model to ./save/CNN_RNN_Resnet_5_use_mp_and_class_weight_bias_1_seed42_alpha_1E-01_res_num_5_opt_Adam_fold_0.hdf5
Epoch 5/1000
30/30 - 13s - loss: 21.3382 - accuracy: 0.6271 - val_loss: 17.2817 - val_accuracy: 0.4648

Epoch 00005: val_loss improved from 24.28325 to 17.28173, saving model to ./save/CNN_RNN_Resnet_5_use_mp_and_class_weight_bias_1_seed42_alpha_1E-01_res_num_5_opt_Adam_fold_0.hdf5
Epoch 6/1000
30/30 - 13s - loss: 16.0921 - accuracy: 0.6135 - val_loss: 13.5738 - val_accuracy: 0.4590

Epoch 00006: val_loss improved from 17.28173 to 13.57383, saving model to ./save/CNN_RNN_Resnet_5_use_mp_and_class_weight_bias_1_seed42_alpha_1E-01_res_num_5_opt_Adam_fold_0.hdf5
Epoch 7/1000
30/30 - 13s - loss: 13.0237 - accuracy: 0.6411 - val_loss: 11.6803 - val_accuracy: 0.4570

Epoch 00007: val_loss improved from 13.57383 to 11.68034, saving model to ./save/CNN_RNN_Resnet_5_use_mp_and_class_weight_bias_1_seed42_alpha_1E-01_res_num_5_opt_Adam_fold_0.hdf5
Epoch 8/1000
30/30 - 14s - loss: 11.3015 - accuracy: 0.6755 - val_loss: 10.4370 - val_accuracy: 0.4609

Epoch 00008: val_loss improved from 11.68034 to 10.43695, saving model to ./save/CNN_RNN_Resnet_5_use_mp_and_class_weight_bias_1_seed42_alpha_1E-01_res_num_5_opt_Adam_fold_0.hdf5
Epoch 9/1000
30/30 - 14s - loss: 10.2610 - accuracy: 0.6797 - val_loss: 9.8039 - val_accuracy: 0.4570

Epoch 00009: val_loss improved from 10.43695 to 9.80392, saving model to ./save/CNN_RNN_Resnet_5_use_mp_and_class_weight_bias_1_seed42_alpha_1E-01_res_num_5_opt_Adam_fold_0.hdf5
Epoch 10/1000
30/30 - 13s - loss: 9.7321 - accuracy: 0.6755 - val_loss: 9.3108 - val_accuracy: 0.4648

Epoch 00010: val_loss improved from 9.80392 to 9.31084, saving model to ./save/CNN_RNN_Resnet_5_use_mp_and_class_weight_bias_1_seed42_alpha_1E-01_res_num_5_opt_Adam_fold_0.hdf5
Epoch 11/1000
30/30 - 13s - loss: 8.9669 - accuracy: 0.6865 - val_loss: 8.9599 - val_accuracy: 0.4629

Epoch 00011: val_loss improved from 9.31084 to 8.95986, saving model to ./save/CNN_RNN_Resnet_5_use_mp_and_class_weight_bias_1_seed42_alpha_1E-01_res_num_5_opt_Adam_fold_0.hdf5
Epoch 12/1000
30/30 - 14s - loss: 8.4331 - accuracy: 0.7021 - val_loss: 8.4437 - val_accuracy: 0.4375

Epoch 00012: val_loss improved from 8.95986 to 8.44366, saving model to ./save/CNN_RNN_Resnet_5_use_mp_and_class_weight_bias_1_seed42_alpha_1E-01_res_num_5_opt_Adam_fold_0.hdf5
Epoch 13/1000
30/30 - 13s - loss: 7.8403 - accuracy: 0.7240 - val_loss: 8.2132 - val_accuracy: 0.4688

Epoch 00013: val_loss improved from 8.44366 to 8.21317, saving model to ./save/CNN_RNN_Resnet_5_use_mp_and_class_weight_bias_1_seed42_alpha_1E-01_res_num_5_opt_Adam_fold_0.hdf5
Epoch 14/1000
30/30 - 13s - loss: 7.5674 - accuracy: 0.7286 - val_loss: 7.8686 - val_accuracy: 0.4863

Epoch 00014: val_loss improved from 8.21317 to 7.86860, saving model to ./save/CNN_RNN_Resnet_5_use_mp_and_class_weight_bias_1_seed42_alpha_1E-01_res_num_5_opt_Adam_fold_0.hdf5
Epoch 15/1000
30/30 - 13s - loss: 7.3596 - accuracy: 0.7198 - val_loss: 7.8442 - val_accuracy: 0.2832

Epoch 00015: val_loss improved from 7.86860 to 7.84415, saving model to ./save/CNN_RNN_Resnet_5_use_mp_and_class_weight_bias_1_seed42_alpha_1E-01_res_num_5_opt_Adam_fold_0.hdf5
Epoch 16/1000
30/30 - 13s - loss: 7.1155 - accuracy: 0.7271 - val_loss: 6.8454 - val_accuracy: 0.4883

Epoch 00016: val_loss improved from 7.84415 to 6.84537, saving model to ./save/CNN_RNN_Resnet_5_use_mp_and_class_weight_bias_1_seed42_alpha_1E-01_res_num_5_opt_Adam_fold_0.hdf5
Epoch 17/1000
30/30 - 12s - loss: 6.7706 - accuracy: 0.7521 - val_loss: 7.6770 - val_accuracy: 0.2422

Epoch 00017: val_loss did not improve from 6.84537
Epoch 18/1000
30/30 - 13s - loss: 6.2951 - accuracy: 0.7615 - val_loss: 6.1598 - val_accuracy: 0.5293

Epoch 00018: val_loss improved from 6.84537 to 6.15984, saving model to ./save/CNN_RNN_Resnet_5_use_mp_and_class_weight_bias_1_seed42_alpha_1E-01_res_num_5_opt_Adam_fold_0.hdf5
Epoch 19/1000
30/30 - 13s - loss: 6.1453 - accuracy: 0.7823 - val_loss: 6.2424 - val_accuracy: 0.4668

Epoch 00019: val_loss did not improve from 6.15984
Epoch 20/1000
30/30 - 12s - loss: 5.9382 - accuracy: 0.7656 - val_loss: 5.4627 - val_accuracy: 0.5625

Epoch 00020: val_loss improved from 6.15984 to 5.46266, saving model to ./save/CNN_RNN_Resnet_5_use_mp_and_class_weight_bias_1_seed42_alpha_1E-01_res_num_5_opt_Adam_fold_0.hdf5
Epoch 21/1000
30/30 - 12s - loss: 5.9222 - accuracy: 0.7510 - val_loss: 6.7952 - val_accuracy: 0.2324

Epoch 00021: val_loss did not improve from 5.46266
Epoch 22/1000
30/30 - 12s - loss: 5.6672 - accuracy: 0.7708 - val_loss: 5.7531 - val_accuracy: 0.5449

Epoch 00022: val_loss did not improve from 5.46266
Epoch 23/1000
30/30 - 13s - loss: 5.2673 - accuracy: 0.7969 - val_loss: 5.9357 - val_accuracy: 0.3828

Epoch 00023: val_loss did not improve from 5.46266
Epoch 24/1000
30/30 - 13s - loss: 5.5342 - accuracy: 0.7505 - val_loss: 5.7599 - val_accuracy: 0.4492

Epoch 00024: val_loss did not improve from 5.46266

Epoch 00024: ReduceLROnPlateau reducing learning rate to 0.0005000000237487257.
Epoch 25/1000
30/30 - 12s - loss: 4.7711 - accuracy: 0.8115 - val_loss: 5.4258 - val_accuracy: 0.4199

Epoch 00025: val_loss improved from 5.46266 to 5.42583, saving model to ./save/CNN_RNN_Resnet_5_use_mp_and_class_weight_bias_1_seed42_alpha_1E-01_res_num_5_opt_Adam_fold_0.hdf5
Epoch 26/1000
30/30 - 12s - loss: 4.2521 - accuracy: 0.8354 - val_loss: 4.6016 - val_accuracy: 0.5527

Epoch 00026: val_loss improved from 5.42583 to 4.60156, saving model to ./save/CNN_RNN_Resnet_5_use_mp_and_class_weight_bias_1_seed42_alpha_1E-01_res_num_5_opt_Adam_fold_0.hdf5
Epoch 27/1000
30/30 - 12s - loss: 4.1736 - accuracy: 0.8286 - val_loss: 4.9336 - val_accuracy: 0.4980

Epoch 00027: val_loss did not improve from 4.60156
Epoch 28/1000
30/30 - 13s - loss: 4.0747 - accuracy: 0.8406 - val_loss: 4.3472 - val_accuracy: 0.5723

Epoch 00028: val_loss improved from 4.60156 to 4.34725, saving model to ./save/CNN_RNN_Resnet_5_use_mp_and_class_weight_bias_1_seed42_alpha_1E-01_res_num_5_opt_Adam_fold_0.hdf5
Epoch 29/1000
30/30 - 13s - loss: 4.0143 - accuracy: 0.8469 - val_loss: 3.7304 - val_accuracy: 0.6582

Epoch 00029: val_loss improved from 4.34725 to 3.73039, saving model to ./save/CNN_RNN_Resnet_5_use_mp_and_class_weight_bias_1_seed42_alpha_1E-01_res_num_5_opt_Adam_fold_0.hdf5
Epoch 30/1000
30/30 - 12s - loss: 4.0658 - accuracy: 0.8177 - val_loss: 5.5029 - val_accuracy: 0.3203

Epoch 00030: val_loss did not improve from 3.73039
Epoch 31/1000
30/30 - 12s - loss: 4.0115 - accuracy: 0.8406 - val_loss: 4.1515 - val_accuracy: 0.6055

Epoch 00031: val_loss did not improve from 3.73039
Epoch 32/1000
30/30 - 12s - loss: 3.6813 - accuracy: 0.8656 - val_loss: 4.0759 - val_accuracy: 0.5898

Epoch 00032: val_loss did not improve from 3.73039
Epoch 33/1000
30/30 - 13s - loss: 3.9251 - accuracy: 0.8286 - val_loss: 4.0231 - val_accuracy: 0.5723

Epoch 00033: val_loss did not improve from 3.73039

Epoch 00033: ReduceLROnPlateau reducing learning rate to 0.0002500000118743628.
Epoch 34/1000
30/30 - 13s - loss: 3.5866 - accuracy: 0.8703 - val_loss: 3.8583 - val_accuracy: 0.5918

Epoch 00034: val_loss did not improve from 3.73039
Epoch 35/1000
30/30 - 14s - loss: 3.3665 - accuracy: 0.8865 - val_loss: 3.6359 - val_accuracy: 0.6328

Epoch 00035: val_loss improved from 3.73039 to 3.63592, saving model to ./save/CNN_RNN_Resnet_5_use_mp_and_class_weight_bias_1_seed42_alpha_1E-01_res_num_5_opt_Adam_fold_0.hdf5
Epoch 36/1000
30/30 - 12s - loss: 3.2768 - accuracy: 0.8682 - val_loss: 3.5409 - val_accuracy: 0.6680

Epoch 00036: val_loss improved from 3.63592 to 3.54086, saving model to ./save/CNN_RNN_Resnet_5_use_mp_and_class_weight_bias_1_seed42_alpha_1E-01_res_num_5_opt_Adam_fold_0.hdf5
Epoch 37/1000
30/30 - 13s - loss: 3.0780 - accuracy: 0.8943 - val_loss: 3.3605 - val_accuracy: 0.7109

Epoch 00037: val_loss improved from 3.54086 to 3.36048, saving model to ./save/CNN_RNN_Resnet_5_use_mp_and_class_weight_bias_1_seed42_alpha_1E-01_res_num_5_opt_Adam_fold_0.hdf5
Epoch 38/1000
30/30 - 12s - loss: 2.9610 - accuracy: 0.9010 - val_loss: 3.0863 - val_accuracy: 0.7129

Epoch 00038: val_loss improved from 3.36048 to 3.08633, saving model to ./save/CNN_RNN_Resnet_5_use_mp_and_class_weight_bias_1_seed42_alpha_1E-01_res_num_5_opt_Adam_fold_0.hdf5
Epoch 39/1000
30/30 - 13s - loss: 3.0980 - accuracy: 0.8740 - val_loss: 3.1610 - val_accuracy: 0.6875

Epoch 00039: val_loss did not improve from 3.08633
Epoch 40/1000
30/30 - 13s - loss: 3.0378 - accuracy: 0.8854 - val_loss: 3.5497 - val_accuracy: 0.6367

Epoch 00040: val_loss did not improve from 3.08633
Epoch 41/1000
30/30 - 12s - loss: 2.8625 - accuracy: 0.9010 - val_loss: 3.2959 - val_accuracy: 0.6914

Epoch 00041: val_loss did not improve from 3.08633
Epoch 42/1000
30/30 - 12s - loss: 2.8703 - accuracy: 0.9005 - val_loss: 3.2630 - val_accuracy: 0.6641

Epoch 00042: val_loss did not improve from 3.08633

Epoch 00042: ReduceLROnPlateau reducing learning rate to 0.0001250000059371814.
Epoch 43/1000
30/30 - 13s - loss: 2.7370 - accuracy: 0.9182 - val_loss: 3.0834 - val_accuracy: 0.7207

Epoch 00043: val_loss improved from 3.08633 to 3.08337, saving model to ./save/CNN_RNN_Resnet_5_use_mp_and_class_weight_bias_1_seed42_alpha_1E-01_res_num_5_opt_Adam_fold_0.hdf5
Epoch 44/1000
30/30 - 13s - loss: 2.4993 - accuracy: 0.9365 - val_loss: 3.0710 - val_accuracy: 0.7051

Epoch 00044: val_loss improved from 3.08337 to 3.07098, saving model to ./save/CNN_RNN_Resnet_5_use_mp_and_class_weight_bias_1_seed42_alpha_1E-01_res_num_5_opt_Adam_fold_0.hdf5
Epoch 45/1000
30/30 - 12s - loss: 2.6764 - accuracy: 0.9115 - val_loss: 3.0138 - val_accuracy: 0.7129

Epoch 00045: val_loss improved from 3.07098 to 3.01382, saving model to ./save/CNN_RNN_Resnet_5_use_mp_and_class_weight_bias_1_seed42_alpha_1E-01_res_num_5_opt_Adam_fold_0.hdf5
Epoch 46/1000
30/30 - 12s - loss: 2.6271 - accuracy: 0.9260 - val_loss: 2.9493 - val_accuracy: 0.7539

Epoch 00046: val_loss improved from 3.01382 to 2.94934, saving model to ./save/CNN_RNN_Resnet_5_use_mp_and_class_weight_bias_1_seed42_alpha_1E-01_res_num_5_opt_Adam_fold_0.hdf5
Epoch 47/1000
30/30 - 12s - loss: 2.6166 - accuracy: 0.9115 - val_loss: 2.7606 - val_accuracy: 0.7695

Epoch 00047: val_loss improved from 2.94934 to 2.76056, saving model to ./save/CNN_RNN_Resnet_5_use_mp_and_class_weight_bias_1_seed42_alpha_1E-01_res_num_5_opt_Adam_fold_0.hdf5
Epoch 48/1000
30/30 - 13s - loss: 2.4888 - accuracy: 0.9260 - val_loss: 2.7136 - val_accuracy: 0.7871

Epoch 00048: val_loss improved from 2.76056 to 2.71361, saving model to ./save/CNN_RNN_Resnet_5_use_mp_and_class_weight_bias_1_seed42_alpha_1E-01_res_num_5_opt_Adam_fold_0.hdf5
Epoch 49/1000
30/30 - 13s - loss: 2.5121 - accuracy: 0.9214 - val_loss: 2.5991 - val_accuracy: 0.7988

Epoch 00049: val_loss improved from 2.71361 to 2.59915, saving model to ./save/CNN_RNN_Resnet_5_use_mp_and_class_weight_bias_1_seed42_alpha_1E-01_res_num_5_opt_Adam_fold_0.hdf5
Epoch 50/1000
30/30 - 12s - loss: 2.5166 - accuracy: 0.9151 - val_loss: 2.7439 - val_accuracy: 0.7598

Epoch 00050: val_loss did not improve from 2.59915
Epoch 51/1000
30/30 - 12s - loss: 2.5668 - accuracy: 0.9109 - val_loss: 3.0444 - val_accuracy: 0.7168

Epoch 00051: val_loss did not improve from 2.59915
Epoch 52/1000
30/30 - 12s - loss: 2.4425 - accuracy: 0.9219 - val_loss: 3.0895 - val_accuracy: 0.7383

Epoch 00052: val_loss did not improve from 2.59915
Epoch 53/1000
30/30 - 13s - loss: 2.3210 - accuracy: 0.9385 - val_loss: 2.7557 - val_accuracy: 0.7598

Epoch 00053: val_loss did not improve from 2.59915

Epoch 00053: ReduceLROnPlateau reducing learning rate to 6.25000029685907e-05.
Epoch 54/1000
30/30 - 12s - loss: 2.3390 - accuracy: 0.9417 - val_loss: 2.5519 - val_accuracy: 0.7949

Epoch 00054: val_loss improved from 2.59915 to 2.55194, saving model to ./save/CNN_RNN_Resnet_5_use_mp_and_class_weight_bias_1_seed42_alpha_1E-01_res_num_5_opt_Adam_fold_0.hdf5
Epoch 55/1000
30/30 - 12s - loss: 2.2430 - accuracy: 0.9417 - val_loss: 2.5537 - val_accuracy: 0.7910

Epoch 00055: val_loss did not improve from 2.55194
Epoch 56/1000
30/30 - 12s - loss: 2.1461 - accuracy: 0.9594 - val_loss: 2.4815 - val_accuracy: 0.7949

Epoch 00056: val_loss improved from 2.55194 to 2.48145, saving model to ./save/CNN_RNN_Resnet_5_use_mp_and_class_weight_bias_1_seed42_alpha_1E-01_res_num_5_opt_Adam_fold_0.hdf5
Epoch 57/1000
30/30 - 13s - loss: 2.1739 - accuracy: 0.9542 - val_loss: 2.4233 - val_accuracy: 0.7988

Epoch 00057: val_loss improved from 2.48145 to 2.42328, saving model to ./save/CNN_RNN_Resnet_5_use_mp_and_class_weight_bias_1_seed42_alpha_1E-01_res_num_5_opt_Adam_fold_0.hdf5
Epoch 58/1000
30/30 - 13s - loss: 2.1340 - accuracy: 0.9573 - val_loss: 2.3274 - val_accuracy: 0.8398

Epoch 00058: val_loss improved from 2.42328 to 2.32737, saving model to ./save/CNN_RNN_Resnet_5_use_mp_and_class_weight_bias_1_seed42_alpha_1E-01_res_num_5_opt_Adam_fold_0.hdf5
Epoch 59/1000
30/30 - 12s - loss: 2.0554 - accuracy: 0.9630 - val_loss: 2.3764 - val_accuracy: 0.8066

Epoch 00059: val_loss did not improve from 2.32737
Epoch 60/1000
30/30 - 12s - loss: 2.2516 - accuracy: 0.9323 - val_loss: 2.4088 - val_accuracy: 0.7969

Epoch 00060: val_loss did not improve from 2.32737
Epoch 61/1000
30/30 - 12s - loss: 2.1657 - accuracy: 0.9526 - val_loss: 2.3392 - val_accuracy: 0.8301

Epoch 00061: val_loss did not improve from 2.32737
Epoch 62/1000
30/30 - 13s - loss: 2.0393 - accuracy: 0.9641 - val_loss: 2.2642 - val_accuracy: 0.8320

Epoch 00062: val_loss improved from 2.32737 to 2.26421, saving model to ./save/CNN_RNN_Resnet_5_use_mp_and_class_weight_bias_1_seed42_alpha_1E-01_res_num_5_opt_Adam_fold_0.hdf5
Epoch 63/1000
30/30 - 12s - loss: 2.1834 - accuracy: 0.9453 - val_loss: 2.4204 - val_accuracy: 0.8125

Epoch 00063: val_loss did not improve from 2.26421
Epoch 64/1000
30/30 - 13s - loss: 2.1736 - accuracy: 0.9401 - val_loss: 2.4678 - val_accuracy: 0.7949

Epoch 00064: val_loss did not improve from 2.26421
Epoch 65/1000
30/30 - 12s - loss: 2.1072 - accuracy: 0.9531 - val_loss: 2.4761 - val_accuracy: 0.8027

Epoch 00065: val_loss did not improve from 2.26421
Epoch 66/1000
30/30 - 12s - loss: 2.0944 - accuracy: 0.9495 - val_loss: 2.4676 - val_accuracy: 0.8008

Epoch 00066: val_loss did not improve from 2.26421

Epoch 00066: ReduceLROnPlateau reducing learning rate to 3.125000148429535e-05.
Epoch 67/1000
30/30 - 12s - loss: 1.9370 - accuracy: 0.9724 - val_loss: 2.2911 - val_accuracy: 0.8398

Epoch 00067: val_loss did not improve from 2.26421
Epoch 68/1000
30/30 - 13s - loss: 1.9062 - accuracy: 0.9714 - val_loss: 2.2790 - val_accuracy: 0.8457

Epoch 00068: val_loss did not improve from 2.26421
Epoch 69/1000
30/30 - 12s - loss: 1.9671 - accuracy: 0.9651 - val_loss: 2.2674 - val_accuracy: 0.8340

Epoch 00069: val_loss did not improve from 2.26421
Epoch 70/1000
30/30 - 12s - loss: 1.9879 - accuracy: 0.9594 - val_loss: 2.3014 - val_accuracy: 0.8359

Epoch 00070: val_loss did not improve from 2.26421

Epoch 00070: ReduceLROnPlateau reducing learning rate to 1.5625000742147677e-05.
Epoch 71/1000
30/30 - 13s - loss: 1.9831 - accuracy: 0.9635 - val_loss: 2.2782 - val_accuracy: 0.8496

Epoch 00071: val_loss did not improve from 2.26421
Epoch 72/1000
30/30 - 12s - loss: 2.0450 - accuracy: 0.9516 - val_loss: 2.2574 - val_accuracy: 0.8438

Epoch 00072: val_loss improved from 2.26421 to 2.25745, saving model to ./save/CNN_RNN_Resnet_5_use_mp_and_class_weight_bias_1_seed42_alpha_1E-01_res_num_5_opt_Adam_fold_0.hdf5
Epoch 73/1000
30/30 - 12s - loss: 1.9534 - accuracy: 0.9661 - val_loss: 2.2327 - val_accuracy: 0.8438

Epoch 00073: val_loss improved from 2.25745 to 2.23267, saving model to ./save/CNN_RNN_Resnet_5_use_mp_and_class_weight_bias_1_seed42_alpha_1E-01_res_num_5_opt_Adam_fold_0.hdf5
Epoch 74/1000
30/30 - 12s - loss: 1.8720 - accuracy: 0.9766 - val_loss: 2.2429 - val_accuracy: 0.8496

Epoch 00074: val_loss did not improve from 2.23267
Epoch 75/1000
30/30 - 11s - loss: 1.9038 - accuracy: 0.9698 - val_loss: 2.2349 - val_accuracy: 0.8457

Epoch 00075: val_loss did not improve from 2.23267
Epoch 76/1000
30/30 - 12s - loss: 1.9330 - accuracy: 0.9641 - val_loss: 2.1999 - val_accuracy: 0.8477

Epoch 00076: val_loss improved from 2.23267 to 2.19994, saving model to ./save/CNN_RNN_Resnet_5_use_mp_and_class_weight_bias_1_seed42_alpha_1E-01_res_num_5_opt_Adam_fold_0.hdf5
Epoch 77/1000
30/30 - 12s - loss: 1.8427 - accuracy: 0.9771 - val_loss: 2.2311 - val_accuracy: 0.8438

Epoch 00077: val_loss did not improve from 2.19994
Epoch 78/1000
30/30 - 11s - loss: 1.8094 - accuracy: 0.9854 - val_loss: 2.1955 - val_accuracy: 0.8574

Epoch 00078: val_loss improved from 2.19994 to 2.19552, saving model to ./save/CNN_RNN_Resnet_5_use_mp_and_class_weight_bias_1_seed42_alpha_1E-01_res_num_5_opt_Adam_fold_0.hdf5
Epoch 79/1000
30/30 - 12s - loss: 1.9609 - accuracy: 0.9589 - val_loss: 2.2078 - val_accuracy: 0.8594

Epoch 00079: val_loss did not improve from 2.19552
Epoch 80/1000
30/30 - 12s - loss: 1.9612 - accuracy: 0.9609 - val_loss: 2.2320 - val_accuracy: 0.8418

Epoch 00080: val_loss did not improve from 2.19552
Epoch 81/1000
30/30 - 12s - loss: 1.9005 - accuracy: 0.9703 - val_loss: 2.2091 - val_accuracy: 0.8418

Epoch 00081: val_loss did not improve from 2.19552
Epoch 82/1000
30/30 - 12s - loss: 1.8571 - accuracy: 0.9729 - val_loss: 2.1781 - val_accuracy: 0.8555

Epoch 00082: val_loss improved from 2.19552 to 2.17814, saving model to ./save/CNN_RNN_Resnet_5_use_mp_and_class_weight_bias_1_seed42_alpha_1E-01_res_num_5_opt_Adam_fold_0.hdf5
Epoch 83/1000
30/30 - 12s - loss: 1.9554 - accuracy: 0.9625 - val_loss: 2.1871 - val_accuracy: 0.8418

Epoch 00083: val_loss did not improve from 2.17814
Epoch 84/1000
30/30 - 12s - loss: 1.8422 - accuracy: 0.9719 - val_loss: 2.2014 - val_accuracy: 0.8496

Epoch 00084: val_loss did not improve from 2.17814
Epoch 85/1000
30/30 - 11s - loss: 1.8754 - accuracy: 0.9688 - val_loss: 2.2013 - val_accuracy: 0.8496

Epoch 00085: val_loss did not improve from 2.17814
Epoch 86/1000
30/30 - 11s - loss: 1.8557 - accuracy: 0.9740 - val_loss: 2.2214 - val_accuracy: 0.8574

Epoch 00086: val_loss did not improve from 2.17814

Epoch 00086: ReduceLROnPlateau reducing learning rate to 7.812500371073838e-06.
Epoch 87/1000
30/30 - 11s - loss: 1.8563 - accuracy: 0.9714 - val_loss: 2.1722 - val_accuracy: 0.8613

Epoch 00087: val_loss improved from 2.17814 to 2.17221, saving model to ./save/CNN_RNN_Resnet_5_use_mp_and_class_weight_bias_1_seed42_alpha_1E-01_res_num_5_opt_Adam_fold_0.hdf5
Epoch 88/1000
30/30 - 12s - loss: 1.7787 - accuracy: 0.9802 - val_loss: 2.1747 - val_accuracy: 0.8594

Epoch 00088: val_loss did not improve from 2.17221
Epoch 89/1000
30/30 - 12s - loss: 1.8731 - accuracy: 0.9693 - val_loss: 2.1805 - val_accuracy: 0.8477

Epoch 00089: val_loss did not improve from 2.17221
Epoch 90/1000
30/30 - 11s - loss: 1.8453 - accuracy: 0.9734 - val_loss: 2.1678 - val_accuracy: 0.8516

Epoch 00090: val_loss improved from 2.17221 to 2.16776, saving model to ./save/CNN_RNN_Resnet_5_use_mp_and_class_weight_bias_1_seed42_alpha_1E-01_res_num_5_opt_Adam_fold_0.hdf5
Epoch 91/1000
30/30 - 12s - loss: 1.7469 - accuracy: 0.9839 - val_loss: 2.1872 - val_accuracy: 0.8516

Epoch 00091: val_loss did not improve from 2.16776
Epoch 92/1000
30/30 - 12s - loss: 1.8161 - accuracy: 0.9766 - val_loss: 2.1620 - val_accuracy: 0.8555

Epoch 00092: val_loss improved from 2.16776 to 2.16202, saving model to ./save/CNN_RNN_Resnet_5_use_mp_and_class_weight_bias_1_seed42_alpha_1E-01_res_num_5_opt_Adam_fold_0.hdf5
Epoch 93/1000
30/30 - 12s - loss: 1.8315 - accuracy: 0.9792 - val_loss: 2.1915 - val_accuracy: 0.8418

Epoch 00093: val_loss did not improve from 2.16202
Epoch 94/1000
30/30 - 11s - loss: 1.7904 - accuracy: 0.9792 - val_loss: 2.1698 - val_accuracy: 0.8496

Epoch 00094: val_loss did not improve from 2.16202
Epoch 95/1000
30/30 - 11s - loss: 1.8590 - accuracy: 0.9708 - val_loss: 2.1815 - val_accuracy: 0.8457

Epoch 00095: val_loss did not improve from 2.16202
Epoch 96/1000
30/30 - 12s - loss: 1.8118 - accuracy: 0.9771 - val_loss: 2.1936 - val_accuracy: 0.8379

Epoch 00096: val_loss did not improve from 2.16202

Epoch 00096: ReduceLROnPlateau reducing learning rate to 3.906250185536919e-06.
Epoch 97/1000
30/30 - 12s - loss: 1.8197 - accuracy: 0.9750 - val_loss: 2.1726 - val_accuracy: 0.8477

Epoch 00097: val_loss did not improve from 2.16202
Epoch 98/1000
30/30 - 12s - loss: 1.8224 - accuracy: 0.9729 - val_loss: 2.1923 - val_accuracy: 0.8477

Epoch 00098: val_loss did not improve from 2.16202
Epoch 99/1000
30/30 - 11s - loss: 1.8141 - accuracy: 0.9708 - val_loss: 2.1844 - val_accuracy: 0.8438

Epoch 00099: val_loss did not improve from 2.16202
Epoch 100/1000
30/30 - 11s - loss: 1.7953 - accuracy: 0.9797 - val_loss: 2.1558 - val_accuracy: 0.8535

Epoch 00100: val_loss improved from 2.16202 to 2.15577, saving model to ./save/CNN_RNN_Resnet_5_use_mp_and_class_weight_bias_1_seed42_alpha_1E-01_res_num_5_opt_Adam_fold_0.hdf5
Epoch 101/1000
30/30 - 12s - loss: 1.8052 - accuracy: 0.9724 - val_loss: 2.1586 - val_accuracy: 0.8535

Epoch 00101: val_loss did not improve from 2.15577
Epoch 102/1000
30/30 - 12s - loss: 1.7659 - accuracy: 0.9839 - val_loss: 2.1890 - val_accuracy: 0.8516

Epoch 00102: val_loss did not improve from 2.15577
Epoch 103/1000
30/30 - 11s - loss: 1.7872 - accuracy: 0.9766 - val_loss: 2.1740 - val_accuracy: 0.8535

Epoch 00103: val_loss did not improve from 2.15577
Epoch 104/1000
30/30 - 11s - loss: 1.8042 - accuracy: 0.9734 - val_loss: 2.1882 - val_accuracy: 0.8438

Epoch 00104: val_loss did not improve from 2.15577

Epoch 00104: ReduceLROnPlateau reducing learning rate to 1.9531250927684596e-06.
Epoch 105/1000
30/30 - 11s - loss: 1.7535 - accuracy: 0.9839 - val_loss: 2.1804 - val_accuracy: 0.8477

Epoch 00105: val_loss did not improve from 2.15577
Epoch 106/1000
30/30 - 12s - loss: 1.7290 - accuracy: 0.9865 - val_loss: 2.1574 - val_accuracy: 0.8535

Epoch 00106: val_loss did not improve from 2.15577
Epoch 107/1000
30/30 - 12s - loss: 1.7785 - accuracy: 0.9786 - val_loss: 2.1697 - val_accuracy: 0.8535

Epoch 00107: val_loss did not improve from 2.15577
Epoch 108/1000
30/30 - 12s - loss: 1.7722 - accuracy: 0.9786 - val_loss: 2.1656 - val_accuracy: 0.8555

Epoch 00108: val_loss did not improve from 2.15577

Epoch 00108: ReduceLROnPlateau reducing learning rate to 9.765625463842298e-07.
Epoch 109/1000
30/30 - 12s - loss: 1.7503 - accuracy: 0.9849 - val_loss: 2.1589 - val_accuracy: 0.8496

Epoch 00109: val_loss did not improve from 2.15577
Epoch 110/1000
30/30 - 12s - loss: 1.7188 - accuracy: 0.9891 - val_loss: 2.1431 - val_accuracy: 0.8555

Epoch 00110: val_loss improved from 2.15577 to 2.14310, saving model to ./save/CNN_RNN_Resnet_5_use_mp_and_class_weight_bias_1_seed42_alpha_1E-01_res_num_5_opt_Adam_fold_0.hdf5
Epoch 111/1000
30/30 - 12s - loss: 1.7989 - accuracy: 0.9792 - val_loss: 2.1868 - val_accuracy: 0.8438

Epoch 00111: val_loss did not improve from 2.14310
Epoch 112/1000
30/30 - 11s - loss: 1.8041 - accuracy: 0.9724 - val_loss: 2.1692 - val_accuracy: 0.8457

Epoch 00112: val_loss did not improve from 2.14310
Epoch 113/1000
30/30 - 12s - loss: 1.7709 - accuracy: 0.9833 - val_loss: 2.1653 - val_accuracy: 0.8477

Epoch 00113: val_loss did not improve from 2.14310
Epoch 114/1000
30/30 - 11s - loss: 1.7350 - accuracy: 0.9828 - val_loss: 2.1660 - val_accuracy: 0.8516

Epoch 00114: val_loss did not improve from 2.14310

Epoch 00114: ReduceLROnPlateau reducing learning rate to 4.882812731921149e-07.
Epoch 115/1000
30/30 - 11s - loss: 1.7548 - accuracy: 0.9823 - val_loss: 2.1558 - val_accuracy: 0.8496

Epoch 00115: val_loss did not improve from 2.14310
Epoch 116/1000
30/30 - 11s - loss: 1.7886 - accuracy: 0.9781 - val_loss: 2.1842 - val_accuracy: 0.8477

Epoch 00116: val_loss did not improve from 2.14310
Epoch 117/1000
30/30 - 12s - loss: 1.8343 - accuracy: 0.9703 - val_loss: 2.1829 - val_accuracy: 0.8477

Epoch 00117: val_loss did not improve from 2.14310
Epoch 118/1000
30/30 - 12s - loss: 1.7382 - accuracy: 0.9844 - val_loss: 2.1719 - val_accuracy: 0.8496

Epoch 00118: val_loss did not improve from 2.14310

Epoch 00118: ReduceLROnPlateau reducing learning rate to 2.4414063659605745e-07.
Epoch 119/1000
30/30 - 11s - loss: 1.7977 - accuracy: 0.9755 - val_loss: 2.1959 - val_accuracy: 0.8457

Epoch 00119: val_loss did not improve from 2.14310
Epoch 120/1000
30/30 - 11s - loss: 1.8675 - accuracy: 0.9693 - val_loss: 2.1988 - val_accuracy: 0.8438

Epoch 00120: val_loss did not improve from 2.14310
Epoch 121/1000
30/30 - 11s - loss: 1.8026 - accuracy: 0.9776 - val_loss: 2.1880 - val_accuracy: 0.8477

Epoch 00121: val_loss did not improve from 2.14310
Epoch 122/1000
30/30 - 12s - loss: 1.8291 - accuracy: 0.9698 - val_loss: 2.1812 - val_accuracy: 0.8496

Epoch 00122: val_loss did not improve from 2.14310

Epoch 00122: ReduceLROnPlateau reducing learning rate to 1.2207031829802872e-07.
Epoch 123/1000
30/30 - 12s - loss: 1.7351 - accuracy: 0.9865 - val_loss: 2.1493 - val_accuracy: 0.8535

Epoch 00123: val_loss did not improve from 2.14310
Epoch 124/1000
30/30 - 12s - loss: 1.8030 - accuracy: 0.9781 - val_loss: 2.1856 - val_accuracy: 0.8457

Epoch 00124: val_loss did not improve from 2.14310
Epoch 125/1000
30/30 - 11s - loss: 1.8035 - accuracy: 0.9818 - val_loss: 2.1963 - val_accuracy: 0.8477

Epoch 00125: val_loss did not improve from 2.14310
Epoch 126/1000
30/30 - 11s - loss: 1.7890 - accuracy: 0.9760 - val_loss: 2.1759 - val_accuracy: 0.8477

Epoch 00126: val_loss did not improve from 2.14310

Epoch 00126: ReduceLROnPlateau reducing learning rate to 6.103515914901436e-08.
Epoch 127/1000
30/30 - 11s - loss: 1.7465 - accuracy: 0.9828 - val_loss: 2.1917 - val_accuracy: 0.8496

Epoch 00127: val_loss did not improve from 2.14310
Epoch 128/1000
30/30 - 12s - loss: 1.7165 - accuracy: 0.9865 - val_loss: 2.1641 - val_accuracy: 0.8535

Epoch 00128: val_loss did not improve from 2.14310
Epoch 129/1000
30/30 - 12s - loss: 1.7357 - accuracy: 0.9849 - val_loss: 2.1770 - val_accuracy: 0.8477

Epoch 00129: val_loss did not improve from 2.14310
Epoch 130/1000
30/30 - 12s - loss: 1.7578 - accuracy: 0.9802 - val_loss: 2.1724 - val_accuracy: 0.8496

Epoch 00130: val_loss did not improve from 2.14310

Epoch 00130: ReduceLROnPlateau reducing learning rate to 3.051757957450718e-08.
Epoch 131/1000
30/30 - 12s - loss: 1.8041 - accuracy: 0.9797 - val_loss: 2.1752 - val_accuracy: 0.8535

Epoch 00131: val_loss did not improve from 2.14310
Epoch 132/1000
30/30 - 12s - loss: 1.8175 - accuracy: 0.9729 - val_loss: 2.1694 - val_accuracy: 0.8516

Epoch 00132: val_loss did not improve from 2.14310
Epoch 133/1000
30/30 - 11s - loss: 1.7937 - accuracy: 0.9792 - val_loss: 2.1903 - val_accuracy: 0.8477

Epoch 00133: val_loss did not improve from 2.14310
Epoch 134/1000
30/30 - 11s - loss: 1.8385 - accuracy: 0.9677 - val_loss: 2.1975 - val_accuracy: 0.8477

Epoch 00134: val_loss did not improve from 2.14310

Epoch 00134: ReduceLROnPlateau reducing learning rate to 1.525878978725359e-08.
Epoch 135/1000
30/30 - 11s - loss: 1.7524 - accuracy: 0.9849 - val_loss: 2.1669 - val_accuracy: 0.8535

Epoch 00135: val_loss did not improve from 2.14310
Epoch 136/1000
30/30 - 12s - loss: 1.7415 - accuracy: 0.9833 - val_loss: 2.1837 - val_accuracy: 0.8496

Epoch 00136: val_loss did not improve from 2.14310
Epoch 137/1000
30/30 - 12s - loss: 1.7201 - accuracy: 0.9854 - val_loss: 2.1883 - val_accuracy: 0.8457

Epoch 00137: val_loss did not improve from 2.14310
Epoch 138/1000
30/30 - 11s - loss: 1.8151 - accuracy: 0.9740 - val_loss: 2.1860 - val_accuracy: 0.8555

Epoch 00138: val_loss did not improve from 2.14310

Epoch 00138: ReduceLROnPlateau reducing learning rate to 7.629394893626795e-09.
Epoch 139/1000
30/30 - 11s - loss: 1.8138 - accuracy: 0.9776 - val_loss: 2.2032 - val_accuracy: 0.8477

Epoch 00139: val_loss did not improve from 2.14310
Epoch 140/1000
30/30 - 12s - loss: 1.7346 - accuracy: 0.9875 - val_loss: 2.2028 - val_accuracy: 0.8438

Epoch 00140: val_loss did not improve from 2.14310
Epoch 00140: early stopping
>> join - Process-1 at Sun Aug  1 07:19:32 2021
>> Process-1 spend 0h 35m 5.9s

>> start - Process-2 at Sun Aug  1 07:19:36 2021
Epoch 1/1000
31/31 - 66s - loss: 198.4413 - accuracy: 0.2954 - val_loss: 129.6975 - val_accuracy: 0.4819

Epoch 00001: val_loss improved from inf to 129.69754, saving model to ./save/CNN_RNN_Resnet_5_use_mp_and_class_weight_bias_1_seed42_alpha_1E-01_res_num_5_opt_Adam_fold_1.hdf5
Epoch 2/1000
31/31 - 12s - loss: 97.5931 - accuracy: 0.5071 - val_loss: 66.6032 - val_accuracy: 0.4778

Epoch 00002: val_loss improved from 129.69754 to 66.60317, saving model to ./save/CNN_RNN_Resnet_5_use_mp_and_class_weight_bias_1_seed42_alpha_1E-01_res_num_5_opt_Adam_fold_1.hdf5
Epoch 3/1000
31/31 - 12s - loss: 52.2781 - accuracy: 0.5484 - val_loss: 37.1179 - val_accuracy: 0.4778

Epoch 00003: val_loss improved from 66.60317 to 37.11794, saving model to ./save/CNN_RNN_Resnet_5_use_mp_and_class_weight_bias_1_seed42_alpha_1E-01_res_num_5_opt_Adam_fold_1.hdf5
Epoch 4/1000
31/31 - 12s - loss: 30.6542 - accuracy: 0.5932 - val_loss: 23.2086 - val_accuracy: 0.4698

Epoch 00004: val_loss improved from 37.11794 to 23.20859, saving model to ./save/CNN_RNN_Resnet_5_use_mp_and_class_weight_bias_1_seed42_alpha_1E-01_res_num_5_opt_Adam_fold_1.hdf5
Epoch 5/1000
31/31 - 12s - loss: 20.4464 - accuracy: 0.6079 - val_loss: 16.2887 - val_accuracy: 0.4798

Epoch 00005: val_loss improved from 23.20859 to 16.28875, saving model to ./save/CNN_RNN_Resnet_5_use_mp_and_class_weight_bias_1_seed42_alpha_1E-01_res_num_5_opt_Adam_fold_1.hdf5
Epoch 6/1000
31/31 - 12s - loss: 15.2274 - accuracy: 0.6381 - val_loss: 13.0196 - val_accuracy: 0.4859

Epoch 00006: val_loss improved from 16.28875 to 13.01957, saving model to ./save/CNN_RNN_Resnet_5_use_mp_and_class_weight_bias_1_seed42_alpha_1E-01_res_num_5_opt_Adam_fold_1.hdf5
Epoch 7/1000
31/31 - 12s - loss: 12.4858 - accuracy: 0.6653 - val_loss: 11.3878 - val_accuracy: 0.4718

Epoch 00007: val_loss improved from 13.01957 to 11.38776, saving model to ./save/CNN_RNN_Resnet_5_use_mp_and_class_weight_bias_1_seed42_alpha_1E-01_res_num_5_opt_Adam_fold_1.hdf5
Epoch 8/1000
31/31 - 12s - loss: 10.9929 - accuracy: 0.6739 - val_loss: 10.7260 - val_accuracy: 0.4738

Epoch 00008: val_loss improved from 11.38776 to 10.72601, saving model to ./save/CNN_RNN_Resnet_5_use_mp_and_class_weight_bias_1_seed42_alpha_1E-01_res_num_5_opt_Adam_fold_1.hdf5
Epoch 9/1000
31/31 - 12s - loss: 9.9518 - accuracy: 0.6830 - val_loss: 9.9291 - val_accuracy: 0.3105

Epoch 00009: val_loss improved from 10.72601 to 9.92914, saving model to ./save/CNN_RNN_Resnet_5_use_mp_and_class_weight_bias_1_seed42_alpha_1E-01_res_num_5_opt_Adam_fold_1.hdf5
Epoch 10/1000
31/31 - 12s - loss: 9.4810 - accuracy: 0.6825 - val_loss: 9.4452 - val_accuracy: 0.4798

Epoch 00010: val_loss improved from 9.92914 to 9.44521, saving model to ./save/CNN_RNN_Resnet_5_use_mp_and_class_weight_bias_1_seed42_alpha_1E-01_res_num_5_opt_Adam_fold_1.hdf5
Epoch 11/1000
31/31 - 12s - loss: 9.0829 - accuracy: 0.6709 - val_loss: 9.7150 - val_accuracy: 0.1331

Epoch 00011: val_loss did not improve from 9.44521
Epoch 12/1000
31/31 - 12s - loss: 8.2388 - accuracy: 0.7006 - val_loss: 8.8801 - val_accuracy: 0.3629

Epoch 00012: val_loss improved from 9.44521 to 8.88011, saving model to ./save/CNN_RNN_Resnet_5_use_mp_and_class_weight_bias_1_seed42_alpha_1E-01_res_num_5_opt_Adam_fold_1.hdf5
Epoch 13/1000
31/31 - 12s - loss: 7.9459 - accuracy: 0.7077 - val_loss: 8.4497 - val_accuracy: 0.4798

Epoch 00013: val_loss improved from 8.88011 to 8.44971, saving model to ./save/CNN_RNN_Resnet_5_use_mp_and_class_weight_bias_1_seed42_alpha_1E-01_res_num_5_opt_Adam_fold_1.hdf5
Epoch 14/1000
31/31 - 12s - loss: 7.5142 - accuracy: 0.7102 - val_loss: 7.5365 - val_accuracy: 0.4839

Epoch 00014: val_loss improved from 8.44971 to 7.53653, saving model to ./save/CNN_RNN_Resnet_5_use_mp_and_class_weight_bias_1_seed42_alpha_1E-01_res_num_5_opt_Adam_fold_1.hdf5
Epoch 15/1000
31/31 - 12s - loss: 7.1837 - accuracy: 0.7268 - val_loss: 7.5234 - val_accuracy: 0.4456

Epoch 00015: val_loss improved from 7.53653 to 7.52336, saving model to ./save/CNN_RNN_Resnet_5_use_mp_and_class_weight_bias_1_seed42_alpha_1E-01_res_num_5_opt_Adam_fold_1.hdf5
Epoch 16/1000
31/31 - 12s - loss: 6.8763 - accuracy: 0.7188 - val_loss: 6.6020 - val_accuracy: 0.5060

Epoch 00016: val_loss improved from 7.52336 to 6.60203, saving model to ./save/CNN_RNN_Resnet_5_use_mp_and_class_weight_bias_1_seed42_alpha_1E-01_res_num_5_opt_Adam_fold_1.hdf5
Epoch 17/1000
31/31 - 12s - loss: 6.4891 - accuracy: 0.7500 - val_loss: 7.0575 - val_accuracy: 0.5121

Epoch 00017: val_loss did not improve from 6.60203
Epoch 18/1000
31/31 - 12s - loss: 6.3193 - accuracy: 0.7530 - val_loss: 7.3645 - val_accuracy: 0.0887

Epoch 00018: val_loss did not improve from 6.60203
Epoch 19/1000
31/31 - 12s - loss: 6.0994 - accuracy: 0.7540 - val_loss: 5.5667 - val_accuracy: 0.5242

Epoch 00019: val_loss improved from 6.60203 to 5.56675, saving model to ./save/CNN_RNN_Resnet_5_use_mp_and_class_weight_bias_1_seed42_alpha_1E-01_res_num_5_opt_Adam_fold_1.hdf5
Epoch 20/1000
31/31 - 12s - loss: 5.9433 - accuracy: 0.7555 - val_loss: 6.4706 - val_accuracy: 0.4940

Epoch 00020: val_loss did not improve from 5.56675
Epoch 21/1000
31/31 - 12s - loss: 5.8121 - accuracy: 0.7480 - val_loss: 5.2062 - val_accuracy: 0.5585

Epoch 00021: val_loss improved from 5.56675 to 5.20618, saving model to ./save/CNN_RNN_Resnet_5_use_mp_and_class_weight_bias_1_seed42_alpha_1E-01_res_num_5_opt_Adam_fold_1.hdf5
Epoch 22/1000
31/31 - 12s - loss: 5.4689 - accuracy: 0.7681 - val_loss: 6.2140 - val_accuracy: 0.4677

Epoch 00022: val_loss did not improve from 5.20618
Epoch 23/1000
31/31 - 12s - loss: 5.3228 - accuracy: 0.7908 - val_loss: 5.2390 - val_accuracy: 0.5383

Epoch 00023: val_loss did not improve from 5.20618
Epoch 24/1000
31/31 - 12s - loss: 5.2780 - accuracy: 0.7737 - val_loss: 6.0665 - val_accuracy: 0.3065

Epoch 00024: val_loss did not improve from 5.20618
Epoch 25/1000
31/31 - 11s - loss: 5.2320 - accuracy: 0.7737 - val_loss: 5.0056 - val_accuracy: 0.5706

Epoch 00025: val_loss improved from 5.20618 to 5.00557, saving model to ./save/CNN_RNN_Resnet_5_use_mp_and_class_weight_bias_1_seed42_alpha_1E-01_res_num_5_opt_Adam_fold_1.hdf5
Epoch 26/1000
31/31 - 12s - loss: 5.1022 - accuracy: 0.7802 - val_loss: 4.7018 - val_accuracy: 0.5484

Epoch 00026: val_loss improved from 5.00557 to 4.70185, saving model to ./save/CNN_RNN_Resnet_5_use_mp_and_class_weight_bias_1_seed42_alpha_1E-01_res_num_5_opt_Adam_fold_1.hdf5
Epoch 27/1000
31/31 - 12s - loss: 4.8762 - accuracy: 0.7792 - val_loss: 4.3311 - val_accuracy: 0.6190

Epoch 00027: val_loss improved from 4.70185 to 4.33114, saving model to ./save/CNN_RNN_Resnet_5_use_mp_and_class_weight_bias_1_seed42_alpha_1E-01_res_num_5_opt_Adam_fold_1.hdf5
Epoch 28/1000
31/31 - 11s - loss: 4.8766 - accuracy: 0.7762 - val_loss: 5.6557 - val_accuracy: 0.2560

Epoch 00028: val_loss did not improve from 4.33114
Epoch 29/1000
31/31 - 11s - loss: 4.6888 - accuracy: 0.8009 - val_loss: 8.9716 - val_accuracy: 0.0927

Epoch 00029: val_loss did not improve from 4.33114
Epoch 30/1000
31/31 - 12s - loss: 4.2904 - accuracy: 0.8216 - val_loss: 7.0465 - val_accuracy: 0.1230

Epoch 00030: val_loss did not improve from 4.33114
Epoch 31/1000
31/31 - 12s - loss: 4.5367 - accuracy: 0.7787 - val_loss: 5.6467 - val_accuracy: 0.5444

Epoch 00031: val_loss did not improve from 4.33114

Epoch 00031: ReduceLROnPlateau reducing learning rate to 0.0005000000237487257.
Epoch 32/1000
31/31 - 12s - loss: 4.1560 - accuracy: 0.8251 - val_loss: 4.0492 - val_accuracy: 0.5665

Epoch 00032: val_loss improved from 4.33114 to 4.04920, saving model to ./save/CNN_RNN_Resnet_5_use_mp_and_class_weight_bias_1_seed42_alpha_1E-01_res_num_5_opt_Adam_fold_1.hdf5
Epoch 33/1000
31/31 - 12s - loss: 3.5969 - accuracy: 0.8523 - val_loss: 3.8130 - val_accuracy: 0.5887

Epoch 00033: val_loss improved from 4.04920 to 3.81301, saving model to ./save/CNN_RNN_Resnet_5_use_mp_and_class_weight_bias_1_seed42_alpha_1E-01_res_num_5_opt_Adam_fold_1.hdf5
Epoch 34/1000
31/31 - 12s - loss: 3.5006 - accuracy: 0.8432 - val_loss: 4.1304 - val_accuracy: 0.5484

Epoch 00034: val_loss did not improve from 3.81301
Epoch 35/1000
31/31 - 12s - loss: 3.2631 - accuracy: 0.8619 - val_loss: 3.7375 - val_accuracy: 0.5867

Epoch 00035: val_loss improved from 3.81301 to 3.73751, saving model to ./save/CNN_RNN_Resnet_5_use_mp_and_class_weight_bias_1_seed42_alpha_1E-01_res_num_5_opt_Adam_fold_1.hdf5
Epoch 36/1000
31/31 - 12s - loss: 3.3188 - accuracy: 0.8533 - val_loss: 3.5224 - val_accuracy: 0.6411

Epoch 00036: val_loss improved from 3.73751 to 3.52244, saving model to ./save/CNN_RNN_Resnet_5_use_mp_and_class_weight_bias_1_seed42_alpha_1E-01_res_num_5_opt_Adam_fold_1.hdf5
Epoch 37/1000
31/31 - 12s - loss: 3.2419 - accuracy: 0.8720 - val_loss: 3.3915 - val_accuracy: 0.6573

Epoch 00037: val_loss improved from 3.52244 to 3.39153, saving model to ./save/CNN_RNN_Resnet_5_use_mp_and_class_weight_bias_1_seed42_alpha_1E-01_res_num_5_opt_Adam_fold_1.hdf5
Epoch 38/1000
31/31 - 12s - loss: 3.2250 - accuracy: 0.8594 - val_loss: 3.9861 - val_accuracy: 0.5827

Epoch 00038: val_loss did not improve from 3.39153
Epoch 39/1000
31/31 - 12s - loss: 3.1901 - accuracy: 0.8604 - val_loss: 3.4031 - val_accuracy: 0.6149

Epoch 00039: val_loss did not improve from 3.39153
Epoch 40/1000
31/31 - 12s - loss: 2.9850 - accuracy: 0.8745 - val_loss: 3.4794 - val_accuracy: 0.5968

Epoch 00040: val_loss did not improve from 3.39153
Epoch 41/1000
31/31 - 12s - loss: 3.0823 - accuracy: 0.8584 - val_loss: 3.2303 - val_accuracy: 0.6210

Epoch 00041: val_loss improved from 3.39153 to 3.23032, saving model to ./save/CNN_RNN_Resnet_5_use_mp_and_class_weight_bias_1_seed42_alpha_1E-01_res_num_5_opt_Adam_fold_1.hdf5
Epoch 42/1000
31/31 - 12s - loss: 3.0289 - accuracy: 0.8629 - val_loss: 3.6721 - val_accuracy: 0.5383

Epoch 00042: val_loss did not improve from 3.23032
Epoch 43/1000
31/31 - 12s - loss: 2.8299 - accuracy: 0.8921 - val_loss: 3.2048 - val_accuracy: 0.6593

Epoch 00043: val_loss improved from 3.23032 to 3.20477, saving model to ./save/CNN_RNN_Resnet_5_use_mp_and_class_weight_bias_1_seed42_alpha_1E-01_res_num_5_opt_Adam_fold_1.hdf5
Epoch 44/1000
31/31 - 12s - loss: 2.8830 - accuracy: 0.8780 - val_loss: 3.0554 - val_accuracy: 0.6794

Epoch 00044: val_loss improved from 3.20477 to 3.05537, saving model to ./save/CNN_RNN_Resnet_5_use_mp_and_class_weight_bias_1_seed42_alpha_1E-01_res_num_5_opt_Adam_fold_1.hdf5
Epoch 45/1000
31/31 - 12s - loss: 2.9948 - accuracy: 0.8730 - val_loss: 4.2356 - val_accuracy: 0.3528

Epoch 00045: val_loss did not improve from 3.05537
Epoch 46/1000
31/31 - 12s - loss: 2.9965 - accuracy: 0.8604 - val_loss: 3.3806 - val_accuracy: 0.5867

Epoch 00046: val_loss did not improve from 3.05537
Epoch 47/1000
31/31 - 12s - loss: 2.7141 - accuracy: 0.9002 - val_loss: 3.0476 - val_accuracy: 0.6653

Epoch 00047: val_loss improved from 3.05537 to 3.04760, saving model to ./save/CNN_RNN_Resnet_5_use_mp_and_class_weight_bias_1_seed42_alpha_1E-01_res_num_5_opt_Adam_fold_1.hdf5
Epoch 48/1000
31/31 - 15s - loss: 2.9145 - accuracy: 0.8705 - val_loss: 3.1727 - val_accuracy: 0.6593

Epoch 00048: val_loss did not improve from 3.04760
Epoch 49/1000
31/31 - 12s - loss: 2.7641 - accuracy: 0.8916 - val_loss: 3.9144 - val_accuracy: 0.4798

Epoch 00049: val_loss did not improve from 3.04760
Epoch 50/1000
31/31 - 12s - loss: 2.7997 - accuracy: 0.8800 - val_loss: 4.4374 - val_accuracy: 0.4133

Epoch 00050: val_loss did not improve from 3.04760
Epoch 51/1000
31/31 - 11s - loss: 2.6664 - accuracy: 0.8886 - val_loss: 3.8189 - val_accuracy: 0.4819

Epoch 00051: val_loss did not improve from 3.04760

Epoch 00051: ReduceLROnPlateau reducing learning rate to 0.0002500000118743628.
Epoch 52/1000
31/31 - 12s - loss: 2.4155 - accuracy: 0.9103 - val_loss: 3.4205 - val_accuracy: 0.5040

Epoch 00052: val_loss did not improve from 3.04760
Epoch 53/1000
