>> Start! : Sat Jul 24 00:27:27 2021
>> data preprocessing
>> X_train, X_test, y_train, y_test --(save)--> *.npy, *.csv
>> model building
>> model training
>> start - Process-1
Epoch 1/300
34/34 - 138s - loss: 343.9329 - accuracy: 0.3107 - val_loss: 208.9184 - val_accuracy: 0.4531

Epoch 00001: val_loss improved from inf to 208.91844, saving model to ./save/CNN_RNN_Resnet_10_use_mp_alpha_0.1_res_num_10_fold_0.hdf5
Epoch 2/300
34/34 - 19s - loss: 138.8104 - accuracy: 0.5326 - val_loss: 85.4215 - val_accuracy: 0.4414

Epoch 00002: val_loss improved from 208.91844 to 85.42152, saving model to ./save/CNN_RNN_Resnet_10_use_mp_alpha_0.1_res_num_10_fold_0.hdf5
Epoch 3/300
34/34 - 19s - loss: 57.0126 - accuracy: 0.5427 - val_loss: 36.9984 - val_accuracy: 0.4531

Epoch 00003: val_loss improved from 85.42152 to 36.99842, saving model to ./save/CNN_RNN_Resnet_10_use_mp_alpha_0.1_res_num_10_fold_0.hdf5
Epoch 4/300
34/34 - 19s - loss: 25.4480 - accuracy: 0.5496 - val_loss: 18.9292 - val_accuracy: 0.4492

Epoch 00004: val_loss improved from 36.99842 to 18.92923, saving model to ./save/CNN_RNN_Resnet_10_use_mp_alpha_0.1_res_num_10_fold_0.hdf5
Epoch 5/300
34/34 - 18s - loss: 13.8466 - accuracy: 0.5432 - val_loss: 12.2814 - val_accuracy: 0.4492

Epoch 00005: val_loss improved from 18.92923 to 12.28139, saving model to ./save/CNN_RNN_Resnet_10_use_mp_alpha_0.1_res_num_10_fold_0.hdf5
Epoch 6/300
34/34 - 18s - loss: 9.3736 - accuracy: 0.5634 - val_loss: 9.4307 - val_accuracy: 0.4609

Epoch 00006: val_loss improved from 12.28139 to 9.43067, saving model to ./save/CNN_RNN_Resnet_10_use_mp_alpha_0.1_res_num_10_fold_0.hdf5
Epoch 7/300
34/34 - 17s - loss: 7.4531 - accuracy: 0.5699 - val_loss: 8.3155 - val_accuracy: 0.4492

Epoch 00007: val_loss improved from 9.43067 to 8.31545, saving model to ./save/CNN_RNN_Resnet_10_use_mp_alpha_0.1_res_num_10_fold_0.hdf5
Epoch 8/300
34/34 - 17s - loss: 6.3636 - accuracy: 0.5809 - val_loss: 7.2383 - val_accuracy: 0.4648

Epoch 00008: val_loss improved from 8.31545 to 7.23832, saving model to ./save/CNN_RNN_Resnet_10_use_mp_alpha_0.1_res_num_10_fold_0.hdf5
Epoch 9/300
34/34 - 17s - loss: 5.5847 - accuracy: 0.5878 - val_loss: 6.7589 - val_accuracy: 0.4531

Epoch 00009: val_loss improved from 7.23832 to 6.75889, saving model to ./save/CNN_RNN_Resnet_10_use_mp_alpha_0.1_res_num_10_fold_0.hdf5
Epoch 10/300
34/34 - 17s - loss: 5.0996 - accuracy: 0.5997 - val_loss: 6.9110 - val_accuracy: 0.4414

Epoch 00010: val_loss did not improve from 6.75889
Epoch 11/300
34/34 - 17s - loss: 4.6071 - accuracy: 0.6108 - val_loss: 6.1372 - val_accuracy: 0.4492

Epoch 00011: val_loss improved from 6.75889 to 6.13721, saving model to ./save/CNN_RNN_Resnet_10_use_mp_alpha_0.1_res_num_10_fold_0.hdf5
Epoch 12/300
34/34 - 17s - loss: 4.3569 - accuracy: 0.6153 - val_loss: 5.4386 - val_accuracy: 0.4492

Epoch 00012: val_loss improved from 6.13721 to 5.43863, saving model to ./save/CNN_RNN_Resnet_10_use_mp_alpha_0.1_res_num_10_fold_0.hdf5
Epoch 13/300
34/34 - 17s - loss: 3.9994 - accuracy: 0.6305 - val_loss: 5.4891 - val_accuracy: 0.4570

Epoch 00013: val_loss did not improve from 5.43863
Epoch 14/300
34/34 - 17s - loss: 3.7591 - accuracy: 0.6282 - val_loss: 5.0434 - val_accuracy: 0.4453

Epoch 00014: val_loss improved from 5.43863 to 5.04340, saving model to ./save/CNN_RNN_Resnet_10_use_mp_alpha_0.1_res_num_10_fold_0.hdf5
Epoch 15/300
34/34 - 17s - loss: 3.5117 - accuracy: 0.6585 - val_loss: 4.6949 - val_accuracy: 0.4570

Epoch 00015: val_loss improved from 5.04340 to 4.69494, saving model to ./save/CNN_RNN_Resnet_10_use_mp_alpha_0.1_res_num_10_fold_0.hdf5
Epoch 16/300
34/34 - 17s - loss: 3.4195 - accuracy: 0.6337 - val_loss: 4.4256 - val_accuracy: 0.4648

Epoch 00016: val_loss improved from 4.69494 to 4.42564, saving model to ./save/CNN_RNN_Resnet_10_use_mp_alpha_0.1_res_num_10_fold_0.hdf5
Epoch 17/300
34/34 - 17s - loss: 3.1608 - accuracy: 0.6540 - val_loss: 4.3221 - val_accuracy: 0.4297

Epoch 00017: val_loss improved from 4.42564 to 4.32213, saving model to ./save/CNN_RNN_Resnet_10_use_mp_alpha_0.1_res_num_10_fold_0.hdf5
Epoch 18/300
34/34 - 17s - loss: 2.9876 - accuracy: 0.6608 - val_loss: 5.1493 - val_accuracy: 0.2656

Epoch 00018: val_loss did not improve from 4.32213
Epoch 19/300
34/34 - 17s - loss: 2.9829 - accuracy: 0.6590 - val_loss: 4.3473 - val_accuracy: 0.4023

Epoch 00019: val_loss did not improve from 4.32213
Epoch 20/300
34/34 - 17s - loss: 2.8236 - accuracy: 0.6751 - val_loss: 3.9440 - val_accuracy: 0.4727

Epoch 00020: val_loss improved from 4.32213 to 3.94402, saving model to ./save/CNN_RNN_Resnet_10_use_mp_alpha_0.1_res_num_10_fold_0.hdf5
Epoch 21/300
34/34 - 17s - loss: 2.7205 - accuracy: 0.6705 - val_loss: 3.7427 - val_accuracy: 0.5234

Epoch 00021: val_loss improved from 3.94402 to 3.74266, saving model to ./save/CNN_RNN_Resnet_10_use_mp_alpha_0.1_res_num_10_fold_0.hdf5
Epoch 22/300
34/34 - 17s - loss: 2.6569 - accuracy: 0.6889 - val_loss: 3.4741 - val_accuracy: 0.5195

Epoch 00022: val_loss improved from 3.74266 to 3.47409, saving model to ./save/CNN_RNN_Resnet_10_use_mp_alpha_0.1_res_num_10_fold_0.hdf5
Epoch 23/300
34/34 - 17s - loss: 2.5498 - accuracy: 0.6824 - val_loss: 3.5118 - val_accuracy: 0.5000

Epoch 00023: val_loss did not improve from 3.47409
Epoch 24/300
34/34 - 17s - loss: 2.5281 - accuracy: 0.6953 - val_loss: 3.2989 - val_accuracy: 0.5391

Epoch 00024: val_loss improved from 3.47409 to 3.29892, saving model to ./save/CNN_RNN_Resnet_10_use_mp_alpha_0.1_res_num_10_fold_0.hdf5
Epoch 25/300
34/34 - 17s - loss: 2.4318 - accuracy: 0.7096 - val_loss: 3.1541 - val_accuracy: 0.5391

Epoch 00025: val_loss improved from 3.29892 to 3.15409, saving model to ./save/CNN_RNN_Resnet_10_use_mp_alpha_0.1_res_num_10_fold_0.hdf5
Epoch 26/300
34/34 - 17s - loss: 2.3435 - accuracy: 0.7063 - val_loss: 3.4326 - val_accuracy: 0.5039

Epoch 00026: val_loss did not improve from 3.15409
Epoch 27/300
34/34 - 17s - loss: 2.2769 - accuracy: 0.7091 - val_loss: 3.4017 - val_accuracy: 0.5195

Epoch 00027: val_loss did not improve from 3.15409
Epoch 28/300
34/34 - 17s - loss: 2.2718 - accuracy: 0.7312 - val_loss: 3.2548 - val_accuracy: 0.5117

Epoch 00028: val_loss did not improve from 3.15409
Epoch 29/300
34/34 - 17s - loss: 2.2260 - accuracy: 0.7298 - val_loss: 4.4733 - val_accuracy: 0.2695

Epoch 00029: val_loss did not improve from 3.15409

Epoch 00029: ReduceLROnPlateau reducing learning rate to 0.0005000000237487257.
Epoch 30/300
34/34 - 17s - loss: 1.8963 - accuracy: 0.7532 - val_loss: 3.6593 - val_accuracy: 0.3203

Epoch 00030: val_loss did not improve from 3.15409
Epoch 31/300
34/34 - 17s - loss: 1.6712 - accuracy: 0.7693 - val_loss: 3.5931 - val_accuracy: 0.2812

Epoch 00031: val_loss did not improve from 3.15409
Epoch 32/300
34/34 - 17s - loss: 1.6426 - accuracy: 0.7698 - val_loss: 4.7502 - val_accuracy: 0.1133

Epoch 00032: val_loss did not improve from 3.15409
Epoch 33/300
34/34 - 17s - loss: 1.6314 - accuracy: 0.7698 - val_loss: 4.6038 - val_accuracy: 0.1992

Epoch 00033: val_loss did not improve from 3.15409

Epoch 00033: ReduceLROnPlateau reducing learning rate to 0.0002500000118743628.
Epoch 34/300
34/34 - 17s - loss: 1.5255 - accuracy: 0.7937 - val_loss: 4.2112 - val_accuracy: 0.2461

Epoch 00034: val_loss did not improve from 3.15409
Epoch 35/300
34/34 - 17s - loss: 1.3213 - accuracy: 0.8203 - val_loss: 2.2512 - val_accuracy: 0.5742

Epoch 00035: val_loss improved from 3.15409 to 2.25116, saving model to ./save/CNN_RNN_Resnet_10_use_mp_alpha_0.1_res_num_10_fold_0.hdf5
Epoch 36/300
34/34 - 17s - loss: 1.2446 - accuracy: 0.8222 - val_loss: 2.0878 - val_accuracy: 0.5977

Epoch 00036: val_loss improved from 2.25116 to 2.08777, saving model to ./save/CNN_RNN_Resnet_10_use_mp_alpha_0.1_res_num_10_fold_0.hdf5
Epoch 37/300
34/34 - 17s - loss: 1.2951 - accuracy: 0.8065 - val_loss: 1.9825 - val_accuracy: 0.6211

Epoch 00037: val_loss improved from 2.08777 to 1.98255, saving model to ./save/CNN_RNN_Resnet_10_use_mp_alpha_0.1_res_num_10_fold_0.hdf5
Epoch 38/300
34/34 - 17s - loss: 1.2626 - accuracy: 0.8244 - val_loss: 2.2240 - val_accuracy: 0.5703

Epoch 00038: val_loss did not improve from 1.98255
Epoch 39/300
34/34 - 17s - loss: 1.2825 - accuracy: 0.8056 - val_loss: 2.4176 - val_accuracy: 0.4922

Epoch 00039: val_loss did not improve from 1.98255
Epoch 40/300
34/34 - 17s - loss: 1.2746 - accuracy: 0.8024 - val_loss: 2.1689 - val_accuracy: 0.5938

Epoch 00040: val_loss did not improve from 1.98255
Epoch 41/300
34/34 - 17s - loss: 1.2057 - accuracy: 0.8359 - val_loss: 2.6736 - val_accuracy: 0.4492

Epoch 00041: val_loss did not improve from 1.98255

Epoch 00041: ReduceLROnPlateau reducing learning rate to 0.0001250000059371814.
Epoch 42/300
34/34 - 17s - loss: 1.1477 - accuracy: 0.8405 - val_loss: 2.4795 - val_accuracy: 0.5195

Epoch 00042: val_loss did not improve from 1.98255
Epoch 43/300
34/34 - 17s - loss: 1.0790 - accuracy: 0.8428 - val_loss: 1.8750 - val_accuracy: 0.6406

Epoch 00043: val_loss improved from 1.98255 to 1.87505, saving model to ./save/CNN_RNN_Resnet_10_use_mp_alpha_0.1_res_num_10_fold_0.hdf5
Epoch 44/300
34/34 - 17s - loss: 1.0613 - accuracy: 0.8373 - val_loss: 1.5757 - val_accuracy: 0.7305

Epoch 00044: val_loss improved from 1.87505 to 1.57573, saving model to ./save/CNN_RNN_Resnet_10_use_mp_alpha_0.1_res_num_10_fold_0.hdf5
Epoch 45/300
34/34 - 17s - loss: 1.0189 - accuracy: 0.8534 - val_loss: 1.5285 - val_accuracy: 0.7305

Epoch 00045: val_loss improved from 1.57573 to 1.52855, saving model to ./save/CNN_RNN_Resnet_10_use_mp_alpha_0.1_res_num_10_fold_0.hdf5
Epoch 46/300
34/34 - 17s - loss: 1.0030 - accuracy: 0.8562 - val_loss: 1.6938 - val_accuracy: 0.6953

Epoch 00046: val_loss did not improve from 1.52855
Epoch 47/300
34/34 - 17s - loss: 0.9809 - accuracy: 0.8608 - val_loss: 1.6636 - val_accuracy: 0.7383

Epoch 00047: val_loss did not improve from 1.52855
Epoch 48/300
34/34 - 17s - loss: 0.9551 - accuracy: 0.8718 - val_loss: 1.5731 - val_accuracy: 0.7070

Epoch 00048: val_loss did not improve from 1.52855
Epoch 49/300
34/34 - 17s - loss: 0.9600 - accuracy: 0.8663 - val_loss: 1.6009 - val_accuracy: 0.7031

Epoch 00049: val_loss did not improve from 1.52855

Epoch 00049: ReduceLROnPlateau reducing learning rate to 6.25000029685907e-05.
Epoch 50/300
34/34 - 17s - loss: 0.9578 - accuracy: 0.8663 - val_loss: 1.5303 - val_accuracy: 0.7070

Epoch 00050: val_loss did not improve from 1.52855
Epoch 51/300
34/34 - 17s - loss: 0.8549 - accuracy: 0.8925 - val_loss: 1.4327 - val_accuracy: 0.7344

Epoch 00051: val_loss improved from 1.52855 to 1.43275, saving model to ./save/CNN_RNN_Resnet_10_use_mp_alpha_0.1_res_num_10_fold_0.hdf5
Epoch 52/300
34/34 - 17s - loss: 0.8729 - accuracy: 0.8805 - val_loss: 1.3445 - val_accuracy: 0.7461

Epoch 00052: val_loss improved from 1.43275 to 1.34453, saving model to ./save/CNN_RNN_Resnet_10_use_mp_alpha_0.1_res_num_10_fold_0.hdf5
Epoch 53/300
34/34 - 17s - loss: 0.8678 - accuracy: 0.8879 - val_loss: 1.3116 - val_accuracy: 0.7695

Epoch 00053: val_loss improved from 1.34453 to 1.31160, saving model to ./save/CNN_RNN_Resnet_10_use_mp_alpha_0.1_res_num_10_fold_0.hdf5
Epoch 54/300
34/34 - 17s - loss: 0.8789 - accuracy: 0.8778 - val_loss: 1.3343 - val_accuracy: 0.7773

Epoch 00054: val_loss did not improve from 1.31160
Epoch 55/300
34/34 - 17s - loss: 0.8556 - accuracy: 0.8906 - val_loss: 1.2885 - val_accuracy: 0.7656

Epoch 00055: val_loss improved from 1.31160 to 1.28849, saving model to ./save/CNN_RNN_Resnet_10_use_mp_alpha_0.1_res_num_10_fold_0.hdf5
Epoch 56/300
34/34 - 17s - loss: 0.7827 - accuracy: 0.9127 - val_loss: 1.3259 - val_accuracy: 0.7852

Epoch 00056: val_loss did not improve from 1.28849
Epoch 57/300
34/34 - 17s - loss: 0.8462 - accuracy: 0.8814 - val_loss: 1.2512 - val_accuracy: 0.7656

Epoch 00057: val_loss improved from 1.28849 to 1.25124, saving model to ./save/CNN_RNN_Resnet_10_use_mp_alpha_0.1_res_num_10_fold_0.hdf5
Epoch 58/300
34/34 - 17s - loss: 0.8287 - accuracy: 0.8984 - val_loss: 1.2598 - val_accuracy: 0.7695

Epoch 00058: val_loss did not improve from 1.25124
Epoch 59/300
34/34 - 17s - loss: 0.8624 - accuracy: 0.8801 - val_loss: 1.3290 - val_accuracy: 0.7500

Epoch 00059: val_loss did not improve from 1.25124
Epoch 60/300
34/34 - 17s - loss: 0.8116 - accuracy: 0.9017 - val_loss: 1.2314 - val_accuracy: 0.7812

Epoch 00060: val_loss improved from 1.25124 to 1.23138, saving model to ./save/CNN_RNN_Resnet_10_use_mp_alpha_0.1_res_num_10_fold_0.hdf5
Epoch 61/300
34/34 - 17s - loss: 0.8351 - accuracy: 0.8948 - val_loss: 1.3256 - val_accuracy: 0.7734

Epoch 00061: val_loss did not improve from 1.23138
Epoch 62/300
34/34 - 17s - loss: 0.8526 - accuracy: 0.8824 - val_loss: 1.2640 - val_accuracy: 0.7930

Epoch 00062: val_loss did not improve from 1.23138
Epoch 63/300
34/34 - 17s - loss: 0.7771 - accuracy: 0.9090 - val_loss: 1.4643 - val_accuracy: 0.7461

Epoch 00063: val_loss did not improve from 1.23138
Epoch 64/300
34/34 - 17s - loss: 0.7937 - accuracy: 0.9026 - val_loss: 1.2517 - val_accuracy: 0.7930

Epoch 00064: val_loss did not improve from 1.23138

Epoch 00064: ReduceLROnPlateau reducing learning rate to 3.125000148429535e-05.
Epoch 65/300
34/34 - 17s - loss: 0.8112 - accuracy: 0.8957 - val_loss: 1.1844 - val_accuracy: 0.7969

Epoch 00065: val_loss improved from 1.23138 to 1.18441, saving model to ./save/CNN_RNN_Resnet_10_use_mp_alpha_0.1_res_num_10_fold_0.hdf5
Epoch 66/300
34/34 - 17s - loss: 0.7430 - accuracy: 0.9164 - val_loss: 1.2027 - val_accuracy: 0.7852

Epoch 00066: val_loss did not improve from 1.18441
Epoch 67/300
34/34 - 17s - loss: 0.7092 - accuracy: 0.9278 - val_loss: 1.1184 - val_accuracy: 0.8086

Epoch 00067: val_loss improved from 1.18441 to 1.11844, saving model to ./save/CNN_RNN_Resnet_10_use_mp_alpha_0.1_res_num_10_fold_0.hdf5
Epoch 68/300
34/34 - 17s - loss: 0.7437 - accuracy: 0.9099 - val_loss: 1.1219 - val_accuracy: 0.8008

Epoch 00068: val_loss did not improve from 1.11844
Epoch 69/300
34/34 - 17s - loss: 0.7147 - accuracy: 0.9196 - val_loss: 1.0971 - val_accuracy: 0.8203

Epoch 00069: val_loss improved from 1.11844 to 1.09715, saving model to ./save/CNN_RNN_Resnet_10_use_mp_alpha_0.1_res_num_10_fold_0.hdf5
Epoch 70/300
34/34 - 17s - loss: 0.7504 - accuracy: 0.9026 - val_loss: 1.1706 - val_accuracy: 0.7969

Epoch 00070: val_loss did not improve from 1.09715
Epoch 71/300
34/34 - 17s - loss: 0.7226 - accuracy: 0.9205 - val_loss: 1.1058 - val_accuracy: 0.8047

Epoch 00071: val_loss did not improve from 1.09715
Epoch 72/300
34/34 - 17s - loss: 0.7021 - accuracy: 0.9205 - val_loss: 1.1440 - val_accuracy: 0.7852

Epoch 00072: val_loss did not improve from 1.09715
Epoch 73/300
34/34 - 17s - loss: 0.7475 - accuracy: 0.9104 - val_loss: 1.2059 - val_accuracy: 0.7656

Epoch 00073: val_loss did not improve from 1.09715

Epoch 00073: ReduceLROnPlateau reducing learning rate to 1.5625000742147677e-05.
Epoch 74/300
34/34 - 17s - loss: 0.6978 - accuracy: 0.9251 - val_loss: 1.0579 - val_accuracy: 0.8086

Epoch 00074: val_loss improved from 1.09715 to 1.05789, saving model to ./save/CNN_RNN_Resnet_10_use_mp_alpha_0.1_res_num_10_fold_0.hdf5
Epoch 75/300
34/34 - 17s - loss: 0.6810 - accuracy: 0.9288 - val_loss: 1.0745 - val_accuracy: 0.8125

Epoch 00075: val_loss did not improve from 1.05789
Epoch 76/300
34/34 - 17s - loss: 0.6871 - accuracy: 0.9301 - val_loss: 1.1103 - val_accuracy: 0.8125

Epoch 00076: val_loss did not improve from 1.05789
Epoch 77/300
34/34 - 17s - loss: 0.6965 - accuracy: 0.9228 - val_loss: 1.0795 - val_accuracy: 0.8086

Epoch 00077: val_loss did not improve from 1.05789
Epoch 78/300
34/34 - 17s - loss: 0.6746 - accuracy: 0.9283 - val_loss: 1.0359 - val_accuracy: 0.8281

Epoch 00078: val_loss improved from 1.05789 to 1.03586, saving model to ./save/CNN_RNN_Resnet_10_use_mp_alpha_0.1_res_num_10_fold_0.hdf5
Epoch 79/300
34/34 - 17s - loss: 0.6775 - accuracy: 0.9242 - val_loss: 1.0989 - val_accuracy: 0.8047

Epoch 00079: val_loss did not improve from 1.03586
Epoch 80/300
34/34 - 17s - loss: 0.6701 - accuracy: 0.9352 - val_loss: 1.0446 - val_accuracy: 0.8320

Epoch 00080: val_loss did not improve from 1.03586
Epoch 81/300
34/34 - 17s - loss: 0.6603 - accuracy: 0.9292 - val_loss: 1.1164 - val_accuracy: 0.8125

Epoch 00081: val_loss did not improve from 1.03586
Epoch 82/300
34/34 - 17s - loss: 0.6478 - accuracy: 0.9398 - val_loss: 1.0523 - val_accuracy: 0.8242

Epoch 00082: val_loss did not improve from 1.03586

Epoch 00082: ReduceLROnPlateau reducing learning rate to 7.812500371073838e-06.
Epoch 83/300
34/34 - 17s - loss: 0.6606 - accuracy: 0.9301 - val_loss: 1.0584 - val_accuracy: 0.8242

Epoch 00083: val_loss did not improve from 1.03586
Epoch 84/300
34/34 - 17s - loss: 0.6395 - accuracy: 0.9403 - val_loss: 1.0512 - val_accuracy: 0.8242

Epoch 00084: val_loss did not improve from 1.03586
Epoch 85/300
34/34 - 17s - loss: 0.6715 - accuracy: 0.9228 - val_loss: 1.0358 - val_accuracy: 0.8359

Epoch 00085: val_loss improved from 1.03586 to 1.03584, saving model to ./save/CNN_RNN_Resnet_10_use_mp_alpha_0.1_res_num_10_fold_0.hdf5
Epoch 86/300
34/34 - 17s - loss: 0.6129 - accuracy: 0.9472 - val_loss: 1.0244 - val_accuracy: 0.8242

Epoch 00086: val_loss improved from 1.03584 to 1.02444, saving model to ./save/CNN_RNN_Resnet_10_use_mp_alpha_0.1_res_num_10_fold_0.hdf5
Epoch 87/300
34/34 - 17s - loss: 0.6327 - accuracy: 0.9421 - val_loss: 1.0370 - val_accuracy: 0.8203

Epoch 00087: val_loss did not improve from 1.02444
Epoch 88/300
34/34 - 17s - loss: 0.5999 - accuracy: 0.9490 - val_loss: 1.0043 - val_accuracy: 0.8477

Epoch 00088: val_loss improved from 1.02444 to 1.00427, saving model to ./save/CNN_RNN_Resnet_10_use_mp_alpha_0.1_res_num_10_fold_0.hdf5
Epoch 89/300
34/34 - 17s - loss: 0.6480 - accuracy: 0.9361 - val_loss: 1.0853 - val_accuracy: 0.8164

Epoch 00089: val_loss did not improve from 1.00427
Epoch 90/300
34/34 - 17s - loss: 0.6100 - accuracy: 0.9458 - val_loss: 1.0083 - val_accuracy: 0.8438

Epoch 00090: val_loss did not improve from 1.00427
Epoch 91/300
34/34 - 17s - loss: 0.6185 - accuracy: 0.9472 - val_loss: 1.0895 - val_accuracy: 0.8203

Epoch 00091: val_loss did not improve from 1.00427
Epoch 92/300
34/34 - 17s - loss: 0.6040 - accuracy: 0.9504 - val_loss: 0.9790 - val_accuracy: 0.8516

Epoch 00092: val_loss improved from 1.00427 to 0.97903, saving model to ./save/CNN_RNN_Resnet_10_use_mp_alpha_0.1_res_num_10_fold_0.hdf5
Epoch 93/300
34/34 - 17s - loss: 0.6316 - accuracy: 0.9329 - val_loss: 1.0327 - val_accuracy: 0.8359

Epoch 00093: val_loss did not improve from 0.97903
Epoch 94/300
34/34 - 17s - loss: 0.6092 - accuracy: 0.9435 - val_loss: 1.0513 - val_accuracy: 0.8320

Epoch 00094: val_loss did not improve from 0.97903
Epoch 95/300
34/34 - 17s - loss: 0.6237 - accuracy: 0.9467 - val_loss: 1.0371 - val_accuracy: 0.8320

Epoch 00095: val_loss did not improve from 0.97903
Epoch 96/300
34/34 - 17s - loss: 0.6138 - accuracy: 0.9444 - val_loss: 1.0885 - val_accuracy: 0.8320

Epoch 00096: val_loss did not improve from 0.97903

Epoch 00096: ReduceLROnPlateau reducing learning rate to 3.906250185536919e-06.
Epoch 97/300
34/34 - 17s - loss: 0.6182 - accuracy: 0.9421 - val_loss: 1.0383 - val_accuracy: 0.8398

Epoch 00097: val_loss did not improve from 0.97903
Epoch 98/300
34/34 - 17s - loss: 0.5972 - accuracy: 0.9472 - val_loss: 0.9829 - val_accuracy: 0.8398

Epoch 00098: val_loss did not improve from 0.97903
Epoch 99/300
34/34 - 17s - loss: 0.5947 - accuracy: 0.9545 - val_loss: 1.0499 - val_accuracy: 0.8242

Epoch 00099: val_loss did not improve from 0.97903
Epoch 100/300
34/34 - 17s - loss: 0.5823 - accuracy: 0.9531 - val_loss: 1.0371 - val_accuracy: 0.8320

Epoch 00100: val_loss did not improve from 0.97903

Epoch 00100: ReduceLROnPlateau reducing learning rate to 1.9531250927684596e-06.
Epoch 101/300
34/34 - 17s - loss: 0.5790 - accuracy: 0.9582 - val_loss: 1.0304 - val_accuracy: 0.8281

Epoch 00101: val_loss did not improve from 0.97903
Epoch 102/300
34/34 - 17s - loss: 0.5892 - accuracy: 0.9540 - val_loss: 0.9984 - val_accuracy: 0.8398

Epoch 00102: val_loss did not improve from 0.97903
Epoch 103/300
34/34 - 17s - loss: 0.5726 - accuracy: 0.9554 - val_loss: 1.0284 - val_accuracy: 0.8281

Epoch 00103: val_loss did not improve from 0.97903
Epoch 104/300
34/34 - 17s - loss: 0.5617 - accuracy: 0.9614 - val_loss: 1.0338 - val_accuracy: 0.8281

Epoch 00104: val_loss did not improve from 0.97903

Epoch 00104: ReduceLROnPlateau reducing learning rate to 9.765625463842298e-07.
Epoch 105/300
34/34 - 17s - loss: 0.5812 - accuracy: 0.9540 - val_loss: 0.9768 - val_accuracy: 0.8477

Epoch 00105: val_loss improved from 0.97903 to 0.97682, saving model to ./save/CNN_RNN_Resnet_10_use_mp_alpha_0.1_res_num_10_fold_0.hdf5
Epoch 106/300
34/34 - 17s - loss: 0.5965 - accuracy: 0.9476 - val_loss: 1.0446 - val_accuracy: 0.8359

Epoch 00106: val_loss did not improve from 0.97682
Epoch 107/300
34/34 - 17s - loss: 0.5772 - accuracy: 0.9527 - val_loss: 1.0175 - val_accuracy: 0.8438

Epoch 00107: val_loss did not improve from 0.97682
Epoch 108/300
34/34 - 17s - loss: 0.5741 - accuracy: 0.9605 - val_loss: 1.0066 - val_accuracy: 0.8438

Epoch 00108: val_loss did not improve from 0.97682
Epoch 109/300
34/34 - 17s - loss: 0.5837 - accuracy: 0.9545 - val_loss: 1.0254 - val_accuracy: 0.8281

Epoch 00109: val_loss did not improve from 0.97682

Epoch 00109: ReduceLROnPlateau reducing learning rate to 4.882812731921149e-07.
Epoch 110/300
34/34 - 17s - loss: 0.6189 - accuracy: 0.9357 - val_loss: 1.0419 - val_accuracy: 0.8281

Epoch 00110: val_loss did not improve from 0.97682
Epoch 111/300
34/34 - 17s - loss: 0.5600 - accuracy: 0.9637 - val_loss: 1.0198 - val_accuracy: 0.8320

Epoch 00111: val_loss did not improve from 0.97682
Epoch 112/300
34/34 - 17s - loss: 0.5779 - accuracy: 0.9536 - val_loss: 1.0076 - val_accuracy: 0.8477

Epoch 00112: val_loss did not improve from 0.97682
Epoch 113/300
34/34 - 17s - loss: 0.5771 - accuracy: 0.9554 - val_loss: 1.0007 - val_accuracy: 0.8438

Epoch 00113: val_loss did not improve from 0.97682

Epoch 00113: ReduceLROnPlateau reducing learning rate to 2.4414063659605745e-07.
Epoch 114/300
34/34 - 17s - loss: 0.5839 - accuracy: 0.9494 - val_loss: 1.0312 - val_accuracy: 0.8438

Epoch 00114: val_loss did not improve from 0.97682
Epoch 115/300
34/34 - 17s - loss: 0.5640 - accuracy: 0.9554 - val_loss: 1.0216 - val_accuracy: 0.8359

Epoch 00115: val_loss did not improve from 0.97682
Epoch 116/300
34/34 - 17s - loss: 0.5626 - accuracy: 0.9614 - val_loss: 1.0225 - val_accuracy: 0.8398

Epoch 00116: val_loss did not improve from 0.97682
Epoch 117/300
34/34 - 17s - loss: 0.5607 - accuracy: 0.9591 - val_loss: 1.0234 - val_accuracy: 0.8516

Epoch 00117: val_loss did not improve from 0.97682

Epoch 00117: ReduceLROnPlateau reducing learning rate to 1.2207031829802872e-07.
Epoch 118/300
34/34 - 17s - loss: 0.5559 - accuracy: 0.9646 - val_loss: 1.0155 - val_accuracy: 0.8398

Epoch 00118: val_loss did not improve from 0.97682
Epoch 119/300
34/34 - 17s - loss: 0.5767 - accuracy: 0.9527 - val_loss: 1.0245 - val_accuracy: 0.8438

Epoch 00119: val_loss did not improve from 0.97682
Epoch 120/300
34/34 - 17s - loss: 0.5757 - accuracy: 0.9563 - val_loss: 1.0195 - val_accuracy: 0.8438

Epoch 00120: val_loss did not improve from 0.97682
Epoch 121/300
34/34 - 17s - loss: 0.5553 - accuracy: 0.9614 - val_loss: 1.0070 - val_accuracy: 0.8477

Epoch 00121: val_loss did not improve from 0.97682

Epoch 00121: ReduceLROnPlateau reducing learning rate to 6.103515914901436e-08.
Epoch 122/300
34/34 - 17s - loss: 0.5835 - accuracy: 0.9545 - val_loss: 1.0267 - val_accuracy: 0.8359

Epoch 00122: val_loss did not improve from 0.97682
Epoch 123/300
34/34 - 17s - loss: 0.5733 - accuracy: 0.9582 - val_loss: 1.0356 - val_accuracy: 0.8438

Epoch 00123: val_loss did not improve from 0.97682
Epoch 124/300
34/34 - 17s - loss: 0.5998 - accuracy: 0.9476 - val_loss: 1.0376 - val_accuracy: 0.8359

Epoch 00124: val_loss did not improve from 0.97682
Epoch 125/300
34/34 - 17s - loss: 0.5769 - accuracy: 0.9536 - val_loss: 1.0243 - val_accuracy: 0.8398

Epoch 00125: val_loss did not improve from 0.97682

Epoch 00125: ReduceLROnPlateau reducing learning rate to 3.051757957450718e-08.
Epoch 126/300
34/34 - 17s - loss: 0.5991 - accuracy: 0.9499 - val_loss: 1.0417 - val_accuracy: 0.8320

Epoch 00126: val_loss did not improve from 0.97682
Epoch 127/300
34/34 - 17s - loss: 0.5702 - accuracy: 0.9545 - val_loss: 1.0350 - val_accuracy: 0.8438

Epoch 00127: val_loss did not improve from 0.97682
Epoch 128/300
34/34 - 17s - loss: 0.5615 - accuracy: 0.9550 - val_loss: 0.9979 - val_accuracy: 0.8477

Epoch 00128: val_loss did not improve from 0.97682
Epoch 129/300
34/34 - 17s - loss: 0.5772 - accuracy: 0.9577 - val_loss: 1.0452 - val_accuracy: 0.8320

Epoch 00129: val_loss did not improve from 0.97682

Epoch 00129: ReduceLROnPlateau reducing learning rate to 1.525878978725359e-08.
Epoch 130/300
34/34 - 17s - loss: 0.5660 - accuracy: 0.9600 - val_loss: 0.9736 - val_accuracy: 0.8516

Epoch 00130: val_loss improved from 0.97682 to 0.97360, saving model to ./save/CNN_RNN_Resnet_10_use_mp_alpha_0.1_res_num_10_fold_0.hdf5
Epoch 131/300
34/34 - 17s - loss: 0.5495 - accuracy: 0.9678 - val_loss: 1.0052 - val_accuracy: 0.8398

Epoch 00131: val_loss did not improve from 0.97360
Epoch 132/300
34/34 - 17s - loss: 0.6011 - accuracy: 0.9412 - val_loss: 1.0169 - val_accuracy: 0.8398

Epoch 00132: val_loss did not improve from 0.97360
Epoch 133/300
34/34 - 17s - loss: 0.5586 - accuracy: 0.9619 - val_loss: 1.0165 - val_accuracy: 0.8438

Epoch 00133: val_loss did not improve from 0.97360
Epoch 134/300
34/34 - 17s - loss: 0.5827 - accuracy: 0.9517 - val_loss: 1.0429 - val_accuracy: 0.8359

Epoch 00134: val_loss did not improve from 0.97360

Epoch 00134: ReduceLROnPlateau reducing learning rate to 7.629394893626795e-09.
Epoch 135/300
34/34 - 17s - loss: 0.5754 - accuracy: 0.9554 - val_loss: 1.0091 - val_accuracy: 0.8359

Epoch 00135: val_loss did not improve from 0.97360
Epoch 136/300
34/34 - 17s - loss: 0.5914 - accuracy: 0.9458 - val_loss: 1.0295 - val_accuracy: 0.8398

Epoch 00136: val_loss did not improve from 0.97360
Epoch 137/300
34/34 - 17s - loss: 0.5683 - accuracy: 0.9563 - val_loss: 1.0041 - val_accuracy: 0.8516

Epoch 00137: val_loss did not improve from 0.97360
Epoch 138/300
34/34 - 17s - loss: 0.5568 - accuracy: 0.9628 - val_loss: 1.0176 - val_accuracy: 0.8359

Epoch 00138: val_loss did not improve from 0.97360

Epoch 00138: ReduceLROnPlateau reducing learning rate to 3.814697446813398e-09.
Epoch 139/300
34/34 - 17s - loss: 0.5901 - accuracy: 0.9467 - val_loss: 1.0479 - val_accuracy: 0.8359

Epoch 00139: val_loss did not improve from 0.97360
Epoch 140/300
34/34 - 17s - loss: 0.6072 - accuracy: 0.9412 - val_loss: 1.0425 - val_accuracy: 0.8359

Epoch 00140: val_loss did not improve from 0.97360
Epoch 141/300
34/34 - 17s - loss: 0.5700 - accuracy: 0.9545 - val_loss: 1.0314 - val_accuracy: 0.8398

Epoch 00141: val_loss did not improve from 0.97360
Epoch 142/300
34/34 - 17s - loss: 0.6115 - accuracy: 0.9393 - val_loss: 1.0206 - val_accuracy: 0.8438

Epoch 00142: val_loss did not improve from 0.97360

Epoch 00142: ReduceLROnPlateau reducing learning rate to 1.907348723406699e-09.
Epoch 143/300
34/34 - 17s - loss: 0.5874 - accuracy: 0.9517 - val_loss: 1.0182 - val_accuracy: 0.8516

Epoch 00143: val_loss did not improve from 0.97360
Epoch 144/300
34/34 - 17s - loss: 0.5720 - accuracy: 0.9559 - val_loss: 1.0307 - val_accuracy: 0.8359

Epoch 00144: val_loss did not improve from 0.97360
Epoch 145/300
34/34 - 17s - loss: 0.5798 - accuracy: 0.9554 - val_loss: 0.9819 - val_accuracy: 0.8477

Epoch 00145: val_loss did not improve from 0.97360
Epoch 146/300
34/34 - 17s - loss: 0.5718 - accuracy: 0.9559 - val_loss: 0.9929 - val_accuracy: 0.8477

Epoch 00146: val_loss did not improve from 0.97360

Epoch 00146: ReduceLROnPlateau reducing learning rate to 9.536743617033494e-10.
Epoch 147/300
34/34 - 17s - loss: 0.5662 - accuracy: 0.9586 - val_loss: 1.0277 - val_accuracy: 0.8359

Epoch 00147: val_loss did not improve from 0.97360
Epoch 148/300
34/34 - 17s - loss: 0.5660 - accuracy: 0.9586 - val_loss: 1.0460 - val_accuracy: 0.8320

Epoch 00148: val_loss did not improve from 0.97360
Epoch 149/300
34/34 - 17s - loss: 0.5729 - accuracy: 0.9531 - val_loss: 1.0120 - val_accuracy: 0.8477

Epoch 00149: val_loss did not improve from 0.97360
Epoch 150/300
34/34 - 17s - loss: 0.5755 - accuracy: 0.9573 - val_loss: 1.0107 - val_accuracy: 0.8438

Epoch 00150: val_loss did not improve from 0.97360

Epoch 00150: ReduceLROnPlateau reducing learning rate to 4.768371808516747e-10.
Epoch 151/300
34/34 - 17s - loss: 0.5593 - accuracy: 0.9628 - val_loss: 1.0111 - val_accuracy: 0.8359

Epoch 00151: val_loss did not improve from 0.97360
Epoch 152/300
34/34 - 17s - loss: 0.6296 - accuracy: 0.9334 - val_loss: 1.0342 - val_accuracy: 0.8359

Epoch 00152: val_loss did not improve from 0.97360
Epoch 153/300
34/34 - 17s - loss: 0.5679 - accuracy: 0.9582 - val_loss: 1.0341 - val_accuracy: 0.8398

Epoch 00153: val_loss did not improve from 0.97360
Epoch 154/300
34/34 - 17s - loss: 0.5766 - accuracy: 0.9527 - val_loss: 1.0308 - val_accuracy: 0.8398

Epoch 00154: val_loss did not improve from 0.97360

Epoch 00154: ReduceLROnPlateau reducing learning rate to 2.3841859042583735e-10.
Epoch 155/300
34/34 - 17s - loss: 0.5610 - accuracy: 0.9568 - val_loss: 0.9722 - val_accuracy: 0.8555

Epoch 00155: val_loss improved from 0.97360 to 0.97223, saving model to ./save/CNN_RNN_Resnet_10_use_mp_alpha_0.1_res_num_10_fold_0.hdf5
Epoch 156/300
34/34 - 17s - loss: 0.5720 - accuracy: 0.9522 - val_loss: 1.0402 - val_accuracy: 0.8398

Epoch 00156: val_loss did not improve from 0.97223
Epoch 157/300
34/34 - 17s - loss: 0.5745 - accuracy: 0.9527 - val_loss: 0.9812 - val_accuracy: 0.8398

Epoch 00157: val_loss did not improve from 0.97223
Epoch 158/300
34/34 - 17s - loss: 0.5622 - accuracy: 0.9628 - val_loss: 1.0406 - val_accuracy: 0.8398

Epoch 00158: val_loss did not improve from 0.97223
Epoch 159/300
34/34 - 17s - loss: 0.5756 - accuracy: 0.9531 - val_loss: 1.0209 - val_accuracy: 0.8359

Epoch 00159: val_loss did not improve from 0.97223

Epoch 00159: ReduceLROnPlateau reducing learning rate to 1.1920929521291868e-10.
Epoch 160/300
34/34 - 17s - loss: 0.5591 - accuracy: 0.9632 - val_loss: 1.0331 - val_accuracy: 0.8398

Epoch 00160: val_loss did not improve from 0.97223
Epoch 161/300
34/34 - 17s - loss: 0.5558 - accuracy: 0.9619 - val_loss: 1.0114 - val_accuracy: 0.8438

Epoch 00161: val_loss did not improve from 0.97223
Epoch 162/300
34/34 - 17s - loss: 0.5800 - accuracy: 0.9596 - val_loss: 1.0357 - val_accuracy: 0.8398

Epoch 00162: val_loss did not improve from 0.97223
Epoch 163/300
34/34 - 17s - loss: 0.5470 - accuracy: 0.9683 - val_loss: 1.0146 - val_accuracy: 0.8438

Epoch 00163: val_loss did not improve from 0.97223

Epoch 00163: ReduceLROnPlateau reducing learning rate to 5.960464760645934e-11.
Epoch 164/300
34/34 - 17s - loss: 0.5677 - accuracy: 0.9586 - val_loss: 1.0240 - val_accuracy: 0.8359

Epoch 00164: val_loss did not improve from 0.97223
Epoch 165/300
34/34 - 17s - loss: 0.5542 - accuracy: 0.9623 - val_loss: 0.9963 - val_accuracy: 0.8398

Epoch 00165: val_loss did not improve from 0.97223
Epoch 166/300
34/34 - 17s - loss: 0.5605 - accuracy: 0.9591 - val_loss: 1.0138 - val_accuracy: 0.8359

Epoch 00166: val_loss did not improve from 0.97223
Epoch 167/300
34/34 - 17s - loss: 0.5920 - accuracy: 0.9462 - val_loss: 1.0302 - val_accuracy: 0.8398

Epoch 00167: val_loss did not improve from 0.97223

Epoch 00167: ReduceLROnPlateau reducing learning rate to 2.980232380322967e-11.
Epoch 168/300
34/34 - 17s - loss: 0.5764 - accuracy: 0.9545 - val_loss: 1.0296 - val_accuracy: 0.8398

Epoch 00168: val_loss did not improve from 0.97223
Epoch 169/300
34/34 - 17s - loss: 0.5640 - accuracy: 0.9582 - val_loss: 1.0302 - val_accuracy: 0.8438

Epoch 00169: val_loss did not improve from 0.97223
Epoch 170/300
34/34 - 17s - loss: 0.5764 - accuracy: 0.9536 - val_loss: 1.0069 - val_accuracy: 0.8359

Epoch 00170: val_loss did not improve from 0.97223
Epoch 171/300
34/34 - 17s - loss: 0.5915 - accuracy: 0.9508 - val_loss: 0.9794 - val_accuracy: 0.8477

Epoch 00171: val_loss did not improve from 0.97223

Epoch 00171: ReduceLROnPlateau reducing learning rate to 1.4901161901614834e-11.
Epoch 172/300
34/34 - 17s - loss: 0.5874 - accuracy: 0.9476 - val_loss: 1.0465 - val_accuracy: 0.8281

Epoch 00172: val_loss did not improve from 0.97223
Epoch 173/300
34/34 - 17s - loss: 0.5762 - accuracy: 0.9591 - val_loss: 1.0103 - val_accuracy: 0.8398

Epoch 00173: val_loss did not improve from 0.97223
Epoch 174/300
34/34 - 17s - loss: 0.5704 - accuracy: 0.9628 - val_loss: 1.0076 - val_accuracy: 0.8438

Epoch 00174: val_loss did not improve from 0.97223
Epoch 175/300
34/34 - 17s - loss: 0.5661 - accuracy: 0.9582 - val_loss: 1.0249 - val_accuracy: 0.8438

Epoch 00175: val_loss did not improve from 0.97223

Epoch 00175: ReduceLROnPlateau reducing learning rate to 7.450580950807417e-12.
Epoch 176/300
34/34 - 17s - loss: 0.5794 - accuracy: 0.9545 - val_loss: 1.0275 - val_accuracy: 0.8320

Epoch 00176: val_loss did not improve from 0.97223
Epoch 177/300
34/34 - 17s - loss: 0.5893 - accuracy: 0.9563 - val_loss: 1.0302 - val_accuracy: 0.8359

Epoch 00177: val_loss did not improve from 0.97223
Epoch 178/300
34/34 - 17s - loss: 0.5889 - accuracy: 0.9499 - val_loss: 1.0283 - val_accuracy: 0.8359

Epoch 00178: val_loss did not improve from 0.97223
Epoch 179/300
34/34 - 17s - loss: 0.5758 - accuracy: 0.9531 - val_loss: 1.0249 - val_accuracy: 0.8516

Epoch 00179: val_loss did not improve from 0.97223

Epoch 00179: ReduceLROnPlateau reducing learning rate to 3.725290475403709e-12.
Epoch 180/300
34/34 - 17s - loss: 0.5809 - accuracy: 0.9536 - val_loss: 1.0097 - val_accuracy: 0.8398

Epoch 00180: val_loss did not improve from 0.97223
Epoch 181/300
34/34 - 17s - loss: 0.5604 - accuracy: 0.9605 - val_loss: 1.0271 - val_accuracy: 0.8477

Epoch 00181: val_loss did not improve from 0.97223
Epoch 182/300
34/34 - 17s - loss: 0.5888 - accuracy: 0.9550 - val_loss: 0.9944 - val_accuracy: 0.8516

Epoch 00182: val_loss did not improve from 0.97223
Epoch 183/300
34/34 - 17s - loss: 0.5974 - accuracy: 0.9449 - val_loss: 1.0331 - val_accuracy: 0.8398

Epoch 00183: val_loss did not improve from 0.97223

Epoch 00183: ReduceLROnPlateau reducing learning rate to 1.8626452377018543e-12.
Epoch 184/300
34/34 - 17s - loss: 0.5919 - accuracy: 0.9421 - val_loss: 1.0275 - val_accuracy: 0.8398

Epoch 00184: val_loss did not improve from 0.97223
Epoch 185/300
34/34 - 17s - loss: 0.5784 - accuracy: 0.9531 - val_loss: 1.0386 - val_accuracy: 0.8359

Epoch 00185: val_loss did not improve from 0.97223
Epoch 00185: early stopping
>> join - Process-1
>> start - Process-2
Epoch 1/300
34/34 - 107s - loss: 343.9731 - accuracy: 0.2978 - val_loss: 209.1890 - val_accuracy: 0.4609

Epoch 00001: val_loss improved from inf to 209.18900, saving model to ./save/CNN_RNN_Resnet_10_use_mp_alpha_0.1_res_num_10_fold_1.hdf5
Epoch 2/300
34/34 - 18s - loss: 139.1873 - accuracy: 0.5253 - val_loss: 85.3895 - val_accuracy: 0.4531

Epoch 00002: val_loss improved from 209.18900 to 85.38953, saving model to ./save/CNN_RNN_Resnet_10_use_mp_alpha_0.1_res_num_10_fold_1.hdf5
Epoch 3/300
34/34 - 18s - loss: 56.9758 - accuracy: 0.5381 - val_loss: 36.9941 - val_accuracy: 0.4609

Epoch 00003: val_loss improved from 85.38953 to 36.99411, saving model to ./save/CNN_RNN_Resnet_10_use_mp_alpha_0.1_res_num_10_fold_1.hdf5
Epoch 4/300
34/34 - 18s - loss: 25.3838 - accuracy: 0.5395 - val_loss: 18.7056 - val_accuracy: 0.4531

Epoch 00004: val_loss improved from 36.99411 to 18.70556, saving model to ./save/CNN_RNN_Resnet_10_use_mp_alpha_0.1_res_num_10_fold_1.hdf5
Epoch 5/300
34/34 - 17s - loss: 13.7041 - accuracy: 0.5542 - val_loss: 12.0992 - val_accuracy: 0.4570

Epoch 00005: val_loss improved from 18.70556 to 12.09916, saving model to ./save/CNN_RNN_Resnet_10_use_mp_alpha_0.1_res_num_10_fold_1.hdf5
Epoch 6/300
34/34 - 17s - loss: 9.1988 - accuracy: 0.5689 - val_loss: 9.4219 - val_accuracy: 0.4609

Epoch 00006: val_loss improved from 12.09916 to 9.42192, saving model to ./save/CNN_RNN_Resnet_10_use_mp_alpha_0.1_res_num_10_fold_1.hdf5
Epoch 7/300
34/34 - 17s - loss: 7.2187 - accuracy: 0.5892 - val_loss: 7.9700 - val_accuracy: 0.4609

Epoch 00007: val_loss improved from 9.42192 to 7.97002, saving model to ./save/CNN_RNN_Resnet_10_use_mp_alpha_0.1_res_num_10_fold_1.hdf5
Epoch 8/300
34/34 - 19s - loss: 6.1707 - accuracy: 0.5942 - val_loss: 7.1363 - val_accuracy: 0.4688

Epoch 00008: val_loss improved from 7.97002 to 7.13634, saving model to ./save/CNN_RNN_Resnet_10_use_mp_alpha_0.1_res_num_10_fold_1.hdf5
Epoch 9/300
34/34 - 17s - loss: 5.4396 - accuracy: 0.6140 - val_loss: 6.6814 - val_accuracy: 0.4648

Epoch 00009: val_loss improved from 7.13634 to 6.68139, saving model to ./save/CNN_RNN_Resnet_10_use_mp_alpha_0.1_res_num_10_fold_1.hdf5
Epoch 10/300
34/34 - 17s - loss: 4.8998 - accuracy: 0.6176 - val_loss: 6.7165 - val_accuracy: 0.2188

Epoch 00010: val_loss did not improve from 6.68139
Epoch 11/300
34/34 - 17s - loss: 4.4490 - accuracy: 0.6411 - val_loss: 5.8972 - val_accuracy: 0.4531

Epoch 00011: val_loss improved from 6.68139 to 5.89716, saving model to ./save/CNN_RNN_Resnet_10_use_mp_alpha_0.1_res_num_10_fold_1.hdf5
Epoch 12/300
34/34 - 17s - loss: 4.1751 - accuracy: 0.6301 - val_loss: 5.5415 - val_accuracy: 0.4609

Epoch 00012: val_loss improved from 5.89716 to 5.54152, saving model to ./save/CNN_RNN_Resnet_10_use_mp_alpha_0.1_res_num_10_fold_1.hdf5
Epoch 13/300
34/34 - 17s - loss: 3.9839 - accuracy: 0.6250 - val_loss: 5.6274 - val_accuracy: 0.4609

Epoch 00013: val_loss did not improve from 5.54152
Epoch 14/300
34/34 - 17s - loss: 3.6825 - accuracy: 0.6369 - val_loss: 5.1383 - val_accuracy: 0.4609

Epoch 00014: val_loss improved from 5.54152 to 5.13826, saving model to ./save/CNN_RNN_Resnet_10_use_mp_alpha_0.1_res_num_10_fold_1.hdf5
Epoch 15/300
34/34 - 17s - loss: 3.5036 - accuracy: 0.6567 - val_loss: 4.5787 - val_accuracy: 0.4766

Epoch 00015: val_loss improved from 5.13826 to 4.57872, saving model to ./save/CNN_RNN_Resnet_10_use_mp_alpha_0.1_res_num_10_fold_1.hdf5
Epoch 16/300
34/34 - 17s - loss: 3.2529 - accuracy: 0.6664 - val_loss: 4.2657 - val_accuracy: 0.4883

Epoch 00016: val_loss improved from 4.57872 to 4.26567, saving model to ./save/CNN_RNN_Resnet_10_use_mp_alpha_0.1_res_num_10_fold_1.hdf5
Epoch 17/300
34/34 - 17s - loss: 3.2044 - accuracy: 0.6558 - val_loss: 6.3107 - val_accuracy: 0.2383

Epoch 00017: val_loss did not improve from 4.26567
Epoch 18/300
34/34 - 17s - loss: 2.9794 - accuracy: 0.6811 - val_loss: 5.9439 - val_accuracy: 0.1914

Epoch 00018: val_loss did not improve from 4.26567
Epoch 19/300
34/34 - 17s - loss: 2.9390 - accuracy: 0.6700 - val_loss: 14.3112 - val_accuracy: 0.0273

Epoch 00019: val_loss did not improve from 4.26567
Epoch 20/300
34/34 - 17s - loss: 2.8345 - accuracy: 0.6728 - val_loss: 4.2234 - val_accuracy: 0.4648

Epoch 00020: val_loss improved from 4.26567 to 4.22335, saving model to ./save/CNN_RNN_Resnet_10_use_mp_alpha_0.1_res_num_10_fold_1.hdf5
Epoch 21/300
34/34 - 17s - loss: 2.7469 - accuracy: 0.6815 - val_loss: 7.7684 - val_accuracy: 0.0469

Epoch 00021: val_loss did not improve from 4.22335
Epoch 22/300
34/34 - 17s - loss: 2.5820 - accuracy: 0.6811 - val_loss: 3.4870 - val_accuracy: 0.4961

Epoch 00022: val_loss improved from 4.22335 to 3.48701, saving model to ./save/CNN_RNN_Resnet_10_use_mp_alpha_0.1_res_num_10_fold_1.hdf5
Epoch 23/300
34/34 - 17s - loss: 2.5086 - accuracy: 0.6857 - val_loss: 3.9504 - val_accuracy: 0.4570

Epoch 00023: val_loss did not improve from 3.48701
Epoch 24/300
34/34 - 17s - loss: 2.5064 - accuracy: 0.6875 - val_loss: 8.9017 - val_accuracy: 0.0820

Epoch 00024: val_loss did not improve from 3.48701
Epoch 25/300
34/34 - 17s - loss: 2.4671 - accuracy: 0.6783 - val_loss: 3.5114 - val_accuracy: 0.5117

Epoch 00025: val_loss did not improve from 3.48701
Epoch 26/300
34/34 - 17s - loss: 2.4389 - accuracy: 0.6912 - val_loss: 3.4159 - val_accuracy: 0.5391

Epoch 00026: val_loss improved from 3.48701 to 3.41588, saving model to ./save/CNN_RNN_Resnet_10_use_mp_alpha_0.1_res_num_10_fold_1.hdf5
Epoch 27/300
34/34 - 17s - loss: 2.2918 - accuracy: 0.7155 - val_loss: 5.3412 - val_accuracy: 0.1094

Epoch 00027: val_loss did not improve from 3.41588
Epoch 28/300
34/34 - 17s - loss: 2.2699 - accuracy: 0.7266 - val_loss: 4.0845 - val_accuracy: 0.4844

Epoch 00028: val_loss did not improve from 3.41588
Epoch 29/300
34/34 - 17s - loss: 2.1696 - accuracy: 0.7302 - val_loss: 4.8044 - val_accuracy: 0.4336

Epoch 00029: val_loss did not improve from 3.41588
Epoch 30/300
34/34 - 17s - loss: 2.1836 - accuracy: 0.7160 - val_loss: 5.3466 - val_accuracy: 0.0898

Epoch 00030: val_loss did not improve from 3.41588

Epoch 00030: ReduceLROnPlateau reducing learning rate to 0.0005000000237487257.
Epoch 31/300
34/34 - 17s - loss: 1.8381 - accuracy: 0.7541 - val_loss: 4.2898 - val_accuracy: 0.4688

Epoch 00031: val_loss did not improve from 3.41588
Epoch 32/300
34/34 - 17s - loss: 1.6929 - accuracy: 0.7454 - val_loss: 3.6943 - val_accuracy: 0.4883

Epoch 00032: val_loss did not improve from 3.41588
Epoch 33/300
34/34 - 17s - loss: 1.6115 - accuracy: 0.7679 - val_loss: 3.2211 - val_accuracy: 0.4727

Epoch 00033: val_loss improved from 3.41588 to 3.22111, saving model to ./save/CNN_RNN_Resnet_10_use_mp_alpha_0.1_res_num_10_fold_1.hdf5
Epoch 34/300
34/34 - 17s - loss: 1.6552 - accuracy: 0.7592 - val_loss: 2.9616 - val_accuracy: 0.5078

Epoch 00034: val_loss improved from 3.22111 to 2.96160, saving model to ./save/CNN_RNN_Resnet_10_use_mp_alpha_0.1_res_num_10_fold_1.hdf5
Epoch 35/300
34/34 - 17s - loss: 1.5426 - accuracy: 0.7799 - val_loss: 2.3194 - val_accuracy: 0.5586

Epoch 00035: val_loss improved from 2.96160 to 2.31943, saving model to ./save/CNN_RNN_Resnet_10_use_mp_alpha_0.1_res_num_10_fold_1.hdf5
Epoch 36/300
34/34 - 17s - loss: 1.5397 - accuracy: 0.7771 - val_loss: 3.1963 - val_accuracy: 0.4023

Epoch 00036: val_loss did not improve from 2.31943
Epoch 37/300
34/34 - 17s - loss: 1.5577 - accuracy: 0.7762 - val_loss: 4.3578 - val_accuracy: 0.1367

Epoch 00037: val_loss did not improve from 2.31943
Epoch 38/300
34/34 - 17s - loss: 1.4591 - accuracy: 0.7992 - val_loss: 9.2279 - val_accuracy: 0.1133

Epoch 00038: val_loss did not improve from 2.31943
Epoch 39/300
34/34 - 17s - loss: 1.5331 - accuracy: 0.7707 - val_loss: 8.8738 - val_accuracy: 0.0859

Epoch 00039: val_loss did not improve from 2.31943

Epoch 00039: ReduceLROnPlateau reducing learning rate to 0.0002500000118743628.
Epoch 40/300
34/34 - 17s - loss: 1.3141 - accuracy: 0.8212 - val_loss: 2.9063 - val_accuracy: 0.4180

Epoch 00040: val_loss did not improve from 2.31943
Epoch 41/300
34/34 - 17s - loss: 1.1947 - accuracy: 0.8323 - val_loss: 2.5286 - val_accuracy: 0.5195

Epoch 00041: val_loss did not improve from 2.31943
Epoch 42/300
34/34 - 17s - loss: 1.2008 - accuracy: 0.8194 - val_loss: 2.1610 - val_accuracy: 0.5898

Epoch 00042: val_loss improved from 2.31943 to 2.16105, saving model to ./save/CNN_RNN_Resnet_10_use_mp_alpha_0.1_res_num_10_fold_1.hdf5
Epoch 43/300
34/34 - 17s - loss: 1.1283 - accuracy: 0.8364 - val_loss: 2.3681 - val_accuracy: 0.5547

Epoch 00043: val_loss did not improve from 2.16105
Epoch 44/300
34/34 - 17s - loss: 1.1785 - accuracy: 0.8244 - val_loss: 2.0603 - val_accuracy: 0.6016

Epoch 00044: val_loss improved from 2.16105 to 2.06035, saving model to ./save/CNN_RNN_Resnet_10_use_mp_alpha_0.1_res_num_10_fold_1.hdf5
Epoch 45/300
34/34 - 17s - loss: 1.1471 - accuracy: 0.8263 - val_loss: 2.0304 - val_accuracy: 0.6719

Epoch 00045: val_loss improved from 2.06035 to 2.03042, saving model to ./save/CNN_RNN_Resnet_10_use_mp_alpha_0.1_res_num_10_fold_1.hdf5
Epoch 46/300
34/34 - 17s - loss: 1.1213 - accuracy: 0.8428 - val_loss: 1.6925 - val_accuracy: 0.6719

Epoch 00046: val_loss improved from 2.03042 to 1.69252, saving model to ./save/CNN_RNN_Resnet_10_use_mp_alpha_0.1_res_num_10_fold_1.hdf5
Epoch 47/300
34/34 - 17s - loss: 1.1389 - accuracy: 0.8286 - val_loss: 1.6120 - val_accuracy: 0.7070

Epoch 00047: val_loss improved from 1.69252 to 1.61203, saving model to ./save/CNN_RNN_Resnet_10_use_mp_alpha_0.1_res_num_10_fold_1.hdf5
Epoch 48/300
34/34 - 17s - loss: 1.1101 - accuracy: 0.8355 - val_loss: 3.2801 - val_accuracy: 0.4922

Epoch 00048: val_loss did not improve from 1.61203
Epoch 49/300
34/34 - 17s - loss: 1.0911 - accuracy: 0.8318 - val_loss: 5.4256 - val_accuracy: 0.3281

Epoch 00049: val_loss did not improve from 1.61203
Epoch 50/300
34/34 - 17s - loss: 1.0963 - accuracy: 0.8392 - val_loss: 3.0585 - val_accuracy: 0.5391

Epoch 00050: val_loss did not improve from 1.61203
Epoch 51/300
